mode: atomic
github.com/chaosblade-io/chaosblade/exec/docker/channel.go:30.54,35.2 1 0
github.com/chaosblade-io/chaosblade/exec/docker/channel.go:37.85,39.31 2 0
github.com/chaosblade-io/chaosblade/exec/docker/channel.go:42.2,43.25 2 0
github.com/chaosblade-io/chaosblade/exec/docker/channel.go:46.2,46.38 1 0
github.com/chaosblade-io/chaosblade/exec/docker/channel.go:78.2,78.108 1 0
github.com/chaosblade-io/chaosblade/exec/docker/channel.go:39.31,41.3 1 0
github.com/chaosblade-io/chaosblade/exec/docker/channel.go:43.25,45.3 1 0
github.com/chaosblade-io/chaosblade/exec/docker/channel.go:46.38,47.35 1 0
github.com/chaosblade-io/chaosblade/exec/docker/channel.go:56.3,56.34 1 0
github.com/chaosblade-io/chaosblade/exec/docker/channel.go:47.35,50.24 3 0
github.com/chaosblade-io/chaosblade/exec/docker/channel.go:54.4,54.19 1 0
github.com/chaosblade-io/chaosblade/exec/docker/channel.go:50.24,53.5 1 0
github.com/chaosblade-io/chaosblade/exec/docker/channel.go:56.34,60.4 3 0
github.com/chaosblade-io/chaosblade/exec/docker/channel.go:61.8,63.34 1 0
github.com/chaosblade-io/chaosblade/exec/docker/channel.go:63.34,65.70 2 0
github.com/chaosblade-io/chaosblade/exec/docker/channel.go:69.4,70.37 2 0
github.com/chaosblade-io/chaosblade/exec/docker/channel.go:65.70,68.5 1 0
github.com/chaosblade-io/chaosblade/exec/docker/channel.go:70.37,73.5 2 0
github.com/chaosblade-io/chaosblade/exec/docker/channel.go:73.10,75.5 1 0
github.com/chaosblade-io/chaosblade/exec/docker/channel.go:81.42,83.2 1 0
github.com/chaosblade-io/chaosblade/exec/docker/channel.go:86.111,89.2 2 0
github.com/chaosblade-io/chaosblade/exec/docker/channel.go:92.112,95.2 2 0
github.com/chaosblade-io/chaosblade/exec/docker/channel.go:98.94,101.2 2 0
github.com/chaosblade-io/chaosblade/exec/docker/channel.go:104.99,107.2 2 0
github.com/chaosblade-io/chaosblade/exec/docker/channel.go:110.99,114.2 2 0
github.com/chaosblade-io/chaosblade/exec/docker/spec.go:20.44,22.2 1 1
github.com/chaosblade-io/chaosblade/exec/docker/spec.go:24.49,26.2 1 1
github.com/chaosblade-io/chaosblade/exec/docker/spec.go:28.48,30.2 1 1
github.com/chaosblade-io/chaosblade/exec/docker/spec.go:32.47,38.2 1 1
github.com/chaosblade-io/chaosblade/exec/docker/spec.go:40.68,44.2 1 1
github.com/chaosblade-io/chaosblade/exec/docker/spec.go:46.57,55.2 1 0
github.com/chaosblade-io/chaosblade/exec/docker/spec.go:61.56,65.2 1 0
github.com/chaosblade-io/chaosblade/exec/docker/spec.go:67.61,69.2 1 0
github.com/chaosblade-io/chaosblade/exec/docker/spec.go:71.153,73.17 1 0
github.com/chaosblade-io/chaosblade/exec/docker/spec.go:81.2,81.25 1 0
github.com/chaosblade-io/chaosblade/exec/docker/spec.go:87.2,88.23 2 0
github.com/chaosblade-io/chaosblade/exec/docker/spec.go:94.2,94.23 1 0
github.com/chaosblade-io/chaosblade/exec/docker/spec.go:74.30,76.75 1 0
github.com/chaosblade-io/chaosblade/exec/docker/spec.go:76.75,79.4 1 0
github.com/chaosblade-io/chaosblade/exec/docker/spec.go:81.25,82.75 1 0
github.com/chaosblade-io/chaosblade/exec/docker/spec.go:82.75,84.4 1 0
github.com/chaosblade-io/chaosblade/exec/docker/spec.go:88.23,89.75 1 0
github.com/chaosblade-io/chaosblade/exec/docker/spec.go:89.75,91.4 1 0
github.com/chaosblade-io/chaosblade/exec/docker/spec.go:95.13,96.54 1 0
github.com/chaosblade-io/chaosblade/exec/docker/spec.go:97.17,98.58 1 0
github.com/chaosblade-io/chaosblade/exec/docker/spec.go:99.17,100.58 1 0
github.com/chaosblade-io/chaosblade/exec/docker/spec.go:101.10,102.75 1 0
github.com/chaosblade-io/chaosblade/exec/docker/spec.go:102.75,104.4 1 0
github.com/chaosblade-io/chaosblade/exec/docker/spec.go:108.62,110.2 1 0
github.com/chaosblade-io/chaosblade/exec/docker/spec_pre_cpu.go:12.135,13.74 1 0
github.com/chaosblade-io/chaosblade/exec/docker/spec_pre_cpu.go:13.74,16.24 2 0
github.com/chaosblade-io/chaosblade/exec/docker/spec_pre_cpu.go:19.3,21.29 3 0
github.com/chaosblade-io/chaosblade/exec/docker/spec_pre_cpu.go:25.3,27.19 2 0
github.com/chaosblade-io/chaosblade/exec/docker/spec_pre_cpu.go:30.3,34.27 5 0
github.com/chaosblade-io/chaosblade/exec/docker/spec_pre_cpu.go:16.24,18.4 1 0
github.com/chaosblade-io/chaosblade/exec/docker/spec_pre_cpu.go:21.29,24.4 2 0
github.com/chaosblade-io/chaosblade/exec/docker/spec_pre_cpu.go:27.19,29.4 1 0
github.com/chaosblade-io/chaosblade/exec/docker/spec_pre_network.go:10.139,11.74 1 0
github.com/chaosblade-io/chaosblade/exec/docker/spec_pre_network.go:11.74,16.3 4 0
github.com/chaosblade-io/chaosblade/exec/docker/spec_pre_process.go:10.139,11.74 1 0
github.com/chaosblade-io/chaosblade/exec/docker/spec_pre_process.go:11.74,12.39 1 0
github.com/chaosblade-io/chaosblade/exec/docker/spec_pre_process.go:15.3,19.27 4 0
github.com/chaosblade-io/chaosblade/exec/docker/spec_pre_process.go:12.39,14.4 1 0
github.com/chaosblade-io/chaosblade/exec/docker/spec_remove.go:13.43,15.2 1 1
github.com/chaosblade-io/chaosblade/exec/docker/spec_remove.go:17.48,19.2 1 1
github.com/chaosblade-io/chaosblade/exec/docker/spec_remove.go:21.48,23.2 1 1
github.com/chaosblade-io/chaosblade/exec/docker/spec_remove.go:25.47,27.2 1 1
github.com/chaosblade-io/chaosblade/exec/docker/spec_remove.go:29.59,32.2 1 1
github.com/chaosblade-io/chaosblade/exec/docker/spec_remove.go:34.56,42.2 1 1
github.com/chaosblade-io/chaosblade/exec/docker/spec_remove.go:44.74,46.2 1 0
github.com/chaosblade-io/chaosblade/exec/docker/spec_remove.go:52.44,54.2 1 0
github.com/chaosblade-io/chaosblade/exec/docker/spec_remove.go:56.65,58.2 1 0
github.com/chaosblade-io/chaosblade/exec/docker/spec_remove.go:60.112,62.23 2 0
github.com/chaosblade-io/chaosblade/exec/docker/spec_remove.go:65.2,65.38 1 0
github.com/chaosblade-io/chaosblade/exec/docker/spec_remove.go:68.2,70.21 3 0
github.com/chaosblade-io/chaosblade/exec/docker/spec_remove.go:73.2,73.47 1 0
github.com/chaosblade-io/chaosblade/exec/docker/spec_remove.go:62.23,64.3 1 0
github.com/chaosblade-io/chaosblade/exec/docker/spec_remove.go:65.38,67.3 1 0
github.com/chaosblade-io/chaosblade/exec/docker/spec_remove.go:70.21,72.3 1 0
github.com/chaosblade-io/chaosblade/exec/kubernetes/spec_delete.go:15.47,17.2 1 1
github.com/chaosblade-io/chaosblade/exec/kubernetes/spec_delete.go:19.52,21.2 1 1
github.com/chaosblade-io/chaosblade/exec/kubernetes/spec_delete.go:23.52,25.2 1 1
github.com/chaosblade-io/chaosblade/exec/kubernetes/spec_delete.go:27.51,29.2 1 1
github.com/chaosblade-io/chaosblade/exec/kubernetes/spec_delete.go:31.63,42.2 1 1
github.com/chaosblade-io/chaosblade/exec/kubernetes/spec_delete.go:44.60,52.2 1 0
github.com/chaosblade-io/chaosblade/exec/kubernetes/spec_delete.go:54.79,60.2 2 0
github.com/chaosblade-io/chaosblade/exec/kubernetes/spec_delete.go:67.40,69.2 1 0
github.com/chaosblade-io/chaosblade/exec/kubernetes/spec_delete.go:71.59,73.2 1 0
github.com/chaosblade-io/chaosblade/exec/kubernetes/spec_delete.go:75.106,83.38 6 0
github.com/chaosblade-io/chaosblade/exec/kubernetes/spec_delete.go:86.2,86.23 1 0
github.com/chaosblade-io/chaosblade/exec/kubernetes/spec_delete.go:89.2,89.20 1 0
github.com/chaosblade-io/chaosblade/exec/kubernetes/spec_delete.go:94.2,94.20 1 0
github.com/chaosblade-io/chaosblade/exec/kubernetes/spec_delete.go:114.2,114.103 1 0
github.com/chaosblade-io/chaosblade/exec/kubernetes/spec_delete.go:83.38,85.3 1 0
github.com/chaosblade-io/chaosblade/exec/kubernetes/spec_delete.go:86.23,88.3 1 0
github.com/chaosblade-io/chaosblade/exec/kubernetes/spec_delete.go:89.20,91.3 1 0
github.com/chaosblade-io/chaosblade/exec/kubernetes/spec_delete.go:91.8,91.26 1 0
github.com/chaosblade-io/chaosblade/exec/kubernetes/spec_delete.go:91.26,93.3 1 0
github.com/chaosblade-io/chaosblade/exec/kubernetes/spec_delete.go:94.20,96.17 2 0
github.com/chaosblade-io/chaosblade/exec/kubernetes/spec_delete.go:99.3,101.28 3 0
github.com/chaosblade-io/chaosblade/exec/kubernetes/spec_delete.go:112.3,112.44 1 0
github.com/chaosblade-io/chaosblade/exec/kubernetes/spec_delete.go:96.17,98.4 1 0
github.com/chaosblade-io/chaosblade/exec/kubernetes/spec_delete.go:101.28,103.24 2 0
github.com/chaosblade-io/chaosblade/exec/kubernetes/spec_delete.go:103.24,105.5 1 0
github.com/chaosblade-io/chaosblade/exec/kubernetes/spec_delete.go:105.10,106.29 1 0
github.com/chaosblade-io/chaosblade/exec/kubernetes/spec_delete.go:109.5,109.20 1 0
github.com/chaosblade-io/chaosblade/exec/kubernetes/spec_delete.go:106.29,108.6 1 0
github.com/chaosblade-io/chaosblade/exec/kubernetes/spec_delete.go:117.103,119.21 2 0
github.com/chaosblade-io/chaosblade/exec/kubernetes/spec_delete.go:122.2,122.11 1 0
github.com/chaosblade-io/chaosblade/exec/kubernetes/spec_delete.go:126.2,126.64 1 0
github.com/chaosblade-io/chaosblade/exec/kubernetes/spec_delete.go:119.21,121.3 1 0
github.com/chaosblade-io/chaosblade/exec/kubernetes/spec_delete.go:122.11,124.3 1 0
github.com/chaosblade-io/chaosblade/exec/kubernetes/spec_delete.go:129.108,131.16 2 0
github.com/chaosblade-io/chaosblade/exec/kubernetes/spec_delete.go:134.2,134.20 1 0
github.com/chaosblade-io/chaosblade/exec/kubernetes/spec_delete.go:137.2,141.41 4 0
github.com/chaosblade-io/chaosblade/exec/kubernetes/spec_delete.go:131.16,133.3 1 0
github.com/chaosblade-io/chaosblade/exec/kubernetes/spec_delete.go:134.20,136.3 1 0
github.com/chaosblade-io/chaosblade/exec/kubernetes/channel.go:19.85,22.15 3 1
github.com/chaosblade-io/chaosblade/exec/kubernetes/channel.go:25.2,27.15 3 1
github.com/chaosblade-io/chaosblade/exec/kubernetes/channel.go:30.2,30.44 1 1
github.com/chaosblade-io/chaosblade/exec/kubernetes/channel.go:37.2,38.42 2 1
github.com/chaosblade-io/chaosblade/exec/kubernetes/channel.go:41.2,42.41 2 0
github.com/chaosblade-io/chaosblade/exec/kubernetes/channel.go:22.15,24.3 1 1
github.com/chaosblade-io/chaosblade/exec/kubernetes/channel.go:27.15,29.3 1 1
github.com/chaosblade-io/chaosblade/exec/kubernetes/channel.go:30.44,31.19 1 0
github.com/chaosblade-io/chaosblade/exec/kubernetes/channel.go:31.19,33.4 1 0
github.com/chaosblade-io/chaosblade/exec/kubernetes/channel.go:33.9,33.26 1 0
github.com/chaosblade-io/chaosblade/exec/kubernetes/channel.go:33.26,35.4 1 0
github.com/chaosblade-io/chaosblade/exec/kubernetes/channel.go:38.42,40.3 1 1
github.com/chaosblade-io/chaosblade/exec/kubernetes/channel.go:45.40,47.2 1 0
github.com/chaosblade-io/chaosblade/exec/kubernetes/channel.go:49.101,50.22 1 0
github.com/chaosblade-io/chaosblade/exec/kubernetes/channel.go:53.2,53.21 1 0
github.com/chaosblade-io/chaosblade/exec/kubernetes/channel.go:56.2,57.11 2 0
github.com/chaosblade-io/chaosblade/exec/kubernetes/channel.go:62.2,63.22 2 0
github.com/chaosblade-io/chaosblade/exec/kubernetes/channel.go:66.2,66.17 1 0
github.com/chaosblade-io/chaosblade/exec/kubernetes/channel.go:50.22,52.3 1 0
github.com/chaosblade-io/chaosblade/exec/kubernetes/channel.go:53.21,55.3 1 0
github.com/chaosblade-io/chaosblade/exec/kubernetes/channel.go:57.11,59.3 1 0
github.com/chaosblade-io/chaosblade/exec/kubernetes/channel.go:59.8,61.3 1 0
github.com/chaosblade-io/chaosblade/exec/kubernetes/channel.go:63.22,65.3 1 0
github.com/chaosblade-io/chaosblade/exec/kubernetes/channel.go:69.104,71.21 2 1
github.com/chaosblade-io/chaosblade/exec/kubernetes/channel.go:74.2,75.22 2 1
github.com/chaosblade-io/chaosblade/exec/kubernetes/channel.go:78.2,80.23 3 1
github.com/chaosblade-io/chaosblade/exec/kubernetes/channel.go:86.2,86.27 1 1
github.com/chaosblade-io/chaosblade/exec/kubernetes/channel.go:89.2,91.52 3 0
github.com/chaosblade-io/chaosblade/exec/kubernetes/channel.go:94.2,97.23 4 0
github.com/chaosblade-io/chaosblade/exec/kubernetes/channel.go:100.2,100.27 1 0
github.com/chaosblade-io/chaosblade/exec/kubernetes/channel.go:103.2,103.57 1 0
github.com/chaosblade-io/chaosblade/exec/kubernetes/channel.go:71.21,73.3 1 1
github.com/chaosblade-io/chaosblade/exec/kubernetes/channel.go:75.22,77.3 1 0
github.com/chaosblade-io/chaosblade/exec/kubernetes/channel.go:80.23,81.57 1 0
github.com/chaosblade-io/chaosblade/exec/kubernetes/channel.go:84.3,84.38 1 0
github.com/chaosblade-io/chaosblade/exec/kubernetes/channel.go:81.57,83.4 1 0
github.com/chaosblade-io/chaosblade/exec/kubernetes/channel.go:86.27,88.3 1 1
github.com/chaosblade-io/chaosblade/exec/kubernetes/channel.go:91.52,93.3 1 0
github.com/chaosblade-io/chaosblade/exec/kubernetes/channel.go:97.23,99.3 1 0
github.com/chaosblade-io/chaosblade/exec/kubernetes/channel.go:100.27,102.3 1 0
github.com/chaosblade-io/chaosblade/exec/kubernetes/executor.go:12.32,14.2 1 0
github.com/chaosblade-io/chaosblade/exec/kubernetes/executor.go:16.54,17.2 0 0
github.com/chaosblade-io/chaosblade/exec/kubernetes/executor.go:19.98,21.2 1 0
github.com/chaosblade-io/chaosblade/exec/kubernetes/spec.go:11.40,13.2 1 1
github.com/chaosblade-io/chaosblade/exec/kubernetes/spec.go:15.45,17.2 1 1
github.com/chaosblade-io/chaosblade/exec/kubernetes/spec.go:19.44,21.2 1 1
github.com/chaosblade-io/chaosblade/exec/kubernetes/spec.go:23.43,25.2 1 1
github.com/chaosblade-io/chaosblade/exec/kubernetes/spec.go:27.64,31.2 1 1
github.com/chaosblade-io/chaosblade/exec/kubernetes/spec.go:33.57,48.2 1 0
github.com/chaosblade-io/chaosblade/exec/kubernetes/spec.go:54.61,60.2 1 0
github.com/chaosblade-io/chaosblade/exec/kubernetes/spec.go:63.153,65.17 1 0
github.com/chaosblade-io/chaosblade/exec/kubernetes/spec.go:71.2,76.74 5 0
github.com/chaosblade-io/chaosblade/exec/kubernetes/spec.go:66.16,67.75 1 0
github.com/chaosblade-io/chaosblade/exec/kubernetes/spec.go:67.75,69.4 1 0
github.com/chaosblade-io/chaosblade/exec/kubernetes/spec.go:76.74,83.3 5 0
github.com/chaosblade-io/chaosblade/exec/executor.go:41.40,43.36 2 0
github.com/chaosblade-io/chaosblade/exec/executor.go:49.2,49.33 1 0
github.com/chaosblade-io/chaosblade/exec/executor.go:43.36,44.14 1 0
github.com/chaosblade-io/chaosblade/exec/executor.go:47.3,47.54 1 0
github.com/chaosblade-io/chaosblade/exec/executor.go:44.14,45.12 1 0
github.com/chaosblade-io/chaosblade/exec/executor.go:52.71,54.2 1 0
github.com/chaosblade-io/chaosblade/exec/executor.go:57.52,59.17 2 0
github.com/chaosblade-io/chaosblade/exec/executor.go:62.2,62.28 1 0
github.com/chaosblade-io/chaosblade/exec/executor.go:59.17,61.3 1 0
github.com/chaosblade-io/chaosblade/exec/local.go:18.32,20.2 1 0
github.com/chaosblade-io/chaosblade/exec/local.go:22.95,24.2 1 0
github.com/chaosblade-io/chaosblade/exec/local.go:26.52,28.2 1 0
github.com/chaosblade-io/chaosblade/exec/local.go:30.79,33.33 3 3
github.com/chaosblade-io/chaosblade/exec/local.go:36.2,38.16 3 3
github.com/chaosblade-io/chaosblade/exec/local.go:42.2,43.40 2 2
github.com/chaosblade-io/chaosblade/exec/local.go:33.33,35.3 1 0
github.com/chaosblade-io/chaosblade/exec/local.go:38.16,41.3 2 1
github.com/chaosblade-io/chaosblade/exec/local.go:47.89,50.23 2 0
github.com/chaosblade-io/chaosblade/exec/local.go:53.2,54.58 2 0
github.com/chaosblade-io/chaosblade/exec/local.go:50.23,52.3 1 0
github.com/chaosblade-io/chaosblade/exec/local.go:61.86,65.25 4 0
github.com/chaosblade-io/chaosblade/exec/local.go:71.2,74.23 2 0
github.com/chaosblade-io/chaosblade/exec/local.go:77.2,78.58 2 0
github.com/chaosblade-io/chaosblade/exec/local.go:65.25,67.26 2 0
github.com/chaosblade-io/chaosblade/exec/local.go:67.26,69.4 1 0
github.com/chaosblade-io/chaosblade/exec/local.go:74.23,76.3 1 0
github.com/chaosblade-io/chaosblade/exec/local.go:82.44,84.37 2 0
github.com/chaosblade-io/chaosblade/exec/local.go:90.2,91.42 2 0
github.com/chaosblade-io/chaosblade/exec/local.go:94.2,94.15 1 0
github.com/chaosblade-io/chaosblade/exec/local.go:84.37,86.23 2 0
github.com/chaosblade-io/chaosblade/exec/local.go:86.23,88.4 1 0
github.com/chaosblade-io/chaosblade/exec/local.go:91.42,93.3 1 0
github.com/chaosblade-io/chaosblade/exec/local.go:98.50,101.2 2 3
github.com/chaosblade-io/chaosblade/exec/local_mock.go:18.96,20.48 2 0
github.com/chaosblade-io/chaosblade/exec/local_mock.go:23.2,23.21 1 0
github.com/chaosblade-io/chaosblade/exec/local_mock.go:20.48,22.3 1 0
github.com/chaosblade-io/chaosblade/exec/local_mock.go:26.53,28.2 1 0
github.com/chaosblade-io/chaosblade/exec/model.go:79.37,81.2 1 0
github.com/chaosblade-io/chaosblade/exec/model.go:83.37,85.2 1 0
github.com/chaosblade-io/chaosblade/exec/model.go:87.37,89.2 1 0
github.com/chaosblade-io/chaosblade/exec/model.go:91.39,93.2 1 0
github.com/chaosblade-io/chaosblade/exec/model.go:105.51,107.2 1 0
github.com/chaosblade-io/chaosblade/exec/model.go:109.38,111.2 1 0
github.com/chaosblade-io/chaosblade/exec/model.go:113.43,115.2 1 0
github.com/chaosblade-io/chaosblade/exec/model.go:117.43,119.2 1 0
github.com/chaosblade-io/chaosblade/exec/model.go:121.42,123.2 1 0
github.com/chaosblade-io/chaosblade/exec/model.go:125.49,127.37 2 0
github.com/chaosblade-io/chaosblade/exec/model.go:130.2,130.14 1 0
github.com/chaosblade-io/chaosblade/exec/model.go:127.37,129.3 1 0
github.com/chaosblade-io/chaosblade/exec/model.go:133.46,135.34 2 0
github.com/chaosblade-io/chaosblade/exec/model.go:138.2,138.14 1 0
github.com/chaosblade-io/chaosblade/exec/model.go:135.34,137.3 1 0
github.com/chaosblade-io/chaosblade/exec/model.go:161.43,163.2 1 0
github.com/chaosblade-io/chaosblade/exec/model.go:165.48,167.2 1 0
github.com/chaosblade-io/chaosblade/exec/model.go:169.47,171.2 1 0
github.com/chaosblade-io/chaosblade/exec/model.go:173.46,175.2 1 0
github.com/chaosblade-io/chaosblade/exec/model.go:177.62,179.34 2 0
github.com/chaosblade-io/chaosblade/exec/model.go:183.2,183.14 1 0
github.com/chaosblade-io/chaosblade/exec/model.go:179.34,182.3 2 0
github.com/chaosblade-io/chaosblade/exec/model.go:186.51,188.32 2 0
github.com/chaosblade-io/chaosblade/exec/model.go:191.2,191.14 1 0
github.com/chaosblade-io/chaosblade/exec/model.go:188.32,190.3 1 0
github.com/chaosblade-io/chaosblade/exec/model.go:194.55,196.2 1 0
github.com/chaosblade-io/chaosblade/exec/model.go:204.73,206.16 2 0
github.com/chaosblade-io/chaosblade/exec/model.go:209.2,211.16 3 0
github.com/chaosblade-io/chaosblade/exec/model.go:214.2,214.33 1 0
github.com/chaosblade-io/chaosblade/exec/model.go:217.2,217.20 1 0
github.com/chaosblade-io/chaosblade/exec/model.go:206.16,208.3 1 0
github.com/chaosblade-io/chaosblade/exec/model.go:211.16,213.3 1 0
github.com/chaosblade-io/chaosblade/exec/model.go:214.33,216.3 1 0
github.com/chaosblade-io/chaosblade/exec/model.go:220.57,222.16 2 0
github.com/chaosblade-io/chaosblade/exec/model.go:225.2,225.21 1 0
github.com/chaosblade-io/chaosblade/exec/model.go:222.16,224.3 1 0
github.com/chaosblade-io/chaosblade/exec/os/bin/burnio/burnio.go:19.13,35.17 11 0
github.com/chaosblade-io/chaosblade/exec/os/bin/burnio/burnio.go:35.17,37.37 2 0
github.com/chaosblade-io/chaosblade/exec/os/bin/burnio/burnio.go:40.3,40.76 1 0
github.com/chaosblade-io/chaosblade/exec/os/bin/burnio/burnio.go:37.37,39.4 1 0
github.com/chaosblade-io/chaosblade/exec/os/bin/burnio/burnio.go:41.8,41.23 1 0
github.com/chaosblade-io/chaosblade/exec/os/bin/burnio/burnio.go:41.23,43.3 1 0
github.com/chaosblade-io/chaosblade/exec/os/bin/burnio/burnio.go:43.8,43.24 1 0
github.com/chaosblade-io/chaosblade/exec/os/bin/burnio/burnio.go:43.24,44.17 1 0
github.com/chaosblade-io/chaosblade/exec/os/bin/burnio/burnio.go:47.3,47.18 1 0
github.com/chaosblade-io/chaosblade/exec/os/bin/burnio/burnio.go:50.3,50.10 1 0
github.com/chaosblade-io/chaosblade/exec/os/bin/burnio/burnio.go:44.17,46.4 1 0
github.com/chaosblade-io/chaosblade/exec/os/bin/burnio/burnio.go:47.18,49.4 1 0
github.com/chaosblade-io/chaosblade/exec/os/bin/burnio/burnio.go:51.8,53.3 1 0
github.com/chaosblade-io/chaosblade/exec/os/bin/burnio/burnio.go:65.68,70.23 3 1
github.com/chaosblade-io/chaosblade/exec/os/bin/burnio/burnio.go:76.2,78.22 3 0
github.com/chaosblade-io/chaosblade/exec/os/bin/burnio/burnio.go:86.2,86.35 1 0
github.com/chaosblade-io/chaosblade/exec/os/bin/burnio/burnio.go:70.23,74.3 3 1
github.com/chaosblade-io/chaosblade/exec/os/bin/burnio/burnio.go:78.22,80.19 2 0
github.com/chaosblade-io/chaosblade/exec/os/bin/burnio/burnio.go:80.19,84.4 3 0
github.com/chaosblade-io/chaosblade/exec/os/bin/burnio/burnio.go:92.19,94.32 2 1
github.com/chaosblade-io/chaosblade/exec/os/bin/burnio/burnio.go:101.2,101.57 1 1
github.com/chaosblade-io/chaosblade/exec/os/bin/burnio/burnio.go:94.32,96.36 2 2
github.com/chaosblade-io/chaosblade/exec/os/bin/burnio/burnio.go:99.3,99.74 1 0
github.com/chaosblade-io/chaosblade/exec/os/bin/burnio/burnio.go:96.36,97.12 1 2
github.com/chaosblade-io/chaosblade/exec/os/bin/burnio/burnio.go:105.36,106.6 1 0
github.com/chaosblade-io/chaosblade/exec/os/bin/burnio/burnio.go:106.6,110.24 4 0
github.com/chaosblade-io/chaosblade/exec/os/bin/burnio/burnio.go:110.24,113.4 2 0
github.com/chaosblade-io/chaosblade/exec/os/bin/burnio/burnio.go:118.47,119.6 1 0
github.com/chaosblade-io/chaosblade/exec/os/bin/burnio/burnio.go:119.6,123.24 3 0
github.com/chaosblade-io/chaosblade/exec/os/bin/burnio/burnio.go:123.24,125.4 1 0
github.com/chaosblade-io/chaosblade/exec/os/bin/burnio/burnio.go:130.55,132.22 2 3
github.com/chaosblade-io/chaosblade/exec/os/bin/burnio/burnio.go:136.2,136.37 1 0
github.com/chaosblade-io/chaosblade/exec/os/bin/burnio/burnio.go:132.22,135.3 2 3
github.com/chaosblade-io/chaosblade/exec/os/network_loss.go:14.38,16.2 1 0
github.com/chaosblade-io/chaosblade/exec/os/network_loss.go:18.43,20.2 1 0
github.com/chaosblade-io/chaosblade/exec/os/network_loss.go:22.43,24.2 1 0
github.com/chaosblade-io/chaosblade/exec/os/network_loss.go:26.42,28.2 1 0
github.com/chaosblade-io/chaosblade/exec/os/network_loss.go:30.54,50.2 1 0
github.com/chaosblade-io/chaosblade/exec/os/network_loss.go:52.51,60.2 1 0
github.com/chaosblade-io/chaosblade/exec/os/network_loss.go:66.43,68.2 1 0
github.com/chaosblade-io/chaosblade/exec/os/network_loss.go:72.113,73.24 1 0
github.com/chaosblade-io/chaosblade/exec/os/network_loss.go:76.2,77.60 2 0
github.com/chaosblade-io/chaosblade/exec/os/network_loss.go:83.2,84.19 2 0
github.com/chaosblade-io/chaosblade/exec/os/network_loss.go:87.2,87.38 1 0
github.com/chaosblade-io/chaosblade/exec/os/network_loss.go:90.2,93.73 4 0
github.com/chaosblade-io/chaosblade/exec/os/network_loss.go:73.24,75.3 1 0
github.com/chaosblade-io/chaosblade/exec/os/network_loss.go:77.60,78.25 1 0
github.com/chaosblade-io/chaosblade/exec/os/network_loss.go:81.3,81.21 1 0
github.com/chaosblade-io/chaosblade/exec/os/network_loss.go:78.25,80.4 1 0
github.com/chaosblade-io/chaosblade/exec/os/network_loss.go:84.19,86.3 1 0
github.com/chaosblade-io/chaosblade/exec/os/network_loss.go:87.38,89.3 1 0
github.com/chaosblade-io/chaosblade/exec/os/network_loss.go:96.146,98.21 2 0
github.com/chaosblade-io/chaosblade/exec/os/network_loss.go:101.2,101.22 1 0
github.com/chaosblade-io/chaosblade/exec/os/network_loss.go:104.2,104.23 1 0
github.com/chaosblade-io/chaosblade/exec/os/network_loss.go:107.2,107.91 1 0
github.com/chaosblade-io/chaosblade/exec/os/network_loss.go:98.21,100.3 1 0
github.com/chaosblade-io/chaosblade/exec/os/network_loss.go:101.22,103.3 1 0
github.com/chaosblade-io/chaosblade/exec/os/network_loss.go:104.23,106.3 1 0
github.com/chaosblade-io/chaosblade/exec/os/network_loss.go:110.100,113.2 1 0
github.com/chaosblade-io/chaosblade/exec/os/network_loss.go:115.66,117.2 1 0
github.com/chaosblade-io/chaosblade/exec/os/network_loss.go:119.69,121.2 1 0
github.com/chaosblade-io/chaosblade/exec/os/script_delay.go:15.48,17.2 1 0
github.com/chaosblade-io/chaosblade/exec/os/script_delay.go:19.53,21.2 1 0
github.com/chaosblade-io/chaosblade/exec/os/script_delay.go:23.53,25.2 1 0
github.com/chaosblade-io/chaosblade/exec/os/script_delay.go:27.52,29.2 1 0
github.com/chaosblade-io/chaosblade/exec/os/script_delay.go:31.64,33.2 1 0
github.com/chaosblade-io/chaosblade/exec/os/script_delay.go:35.61,44.2 1 0
github.com/chaosblade-io/chaosblade/exec/os/script_delay.go:46.83,48.2 1 0
github.com/chaosblade-io/chaosblade/exec/os/script_delay.go:54.43,56.2 1 0
github.com/chaosblade-io/chaosblade/exec/os/script_delay.go:58.113,59.24 1 0
github.com/chaosblade-io/chaosblade/exec/os/script_delay.go:62.2,63.22 2 0
github.com/chaosblade-io/chaosblade/exec/os/script_delay.go:66.2,66.31 1 0
github.com/chaosblade-io/chaosblade/exec/os/script_delay.go:70.2,70.38 1 0
github.com/chaosblade-io/chaosblade/exec/os/script_delay.go:73.2,74.24 2 0
github.com/chaosblade-io/chaosblade/exec/os/script_delay.go:77.2,78.16 2 0
github.com/chaosblade-io/chaosblade/exec/os/script_delay.go:81.2,81.55 1 0
github.com/chaosblade-io/chaosblade/exec/os/script_delay.go:59.24,61.3 1 0
github.com/chaosblade-io/chaosblade/exec/os/script_delay.go:63.22,65.3 1 0
github.com/chaosblade-io/chaosblade/exec/os/script_delay.go:66.31,69.3 1 0
github.com/chaosblade-io/chaosblade/exec/os/script_delay.go:70.38,72.3 1 0
github.com/chaosblade-io/chaosblade/exec/os/script_delay.go:74.24,76.3 1 0
github.com/chaosblade-io/chaosblade/exec/os/script_delay.go:78.16,80.3 1 0
github.com/chaosblade-io/chaosblade/exec/os/script_delay.go:84.119,86.16 2 0
github.com/chaosblade-io/chaosblade/exec/os/script_delay.go:89.2,92.23 3 0
github.com/chaosblade-io/chaosblade/exec/os/script_delay.go:95.2,96.23 2 0
github.com/chaosblade-io/chaosblade/exec/os/script_delay.go:99.2,99.17 1 0
github.com/chaosblade-io/chaosblade/exec/os/script_delay.go:86.16,88.3 1 0
github.com/chaosblade-io/chaosblade/exec/os/script_delay.go:92.23,94.3 1 0
github.com/chaosblade-io/chaosblade/exec/os/script_delay.go:96.23,98.3 1 0
github.com/chaosblade-io/chaosblade/exec/os/script_delay.go:102.98,104.2 1 0
github.com/chaosblade-io/chaosblade/exec/os/script_delay.go:106.66,108.2 1 0
github.com/chaosblade-io/chaosblade/exec/os/script_exit.go:14.47,16.2 1 0
github.com/chaosblade-io/chaosblade/exec/os/script_exit.go:18.52,20.2 1 0
github.com/chaosblade-io/chaosblade/exec/os/script_exit.go:22.52,24.2 1 0
github.com/chaosblade-io/chaosblade/exec/os/script_exit.go:26.51,28.2 1 0
github.com/chaosblade-io/chaosblade/exec/os/script_exit.go:30.63,32.2 1 0
github.com/chaosblade-io/chaosblade/exec/os/script_exit.go:34.60,48.2 1 0
github.com/chaosblade-io/chaosblade/exec/os/script_exit.go:50.78,52.2 1 0
github.com/chaosblade-io/chaosblade/exec/os/script_exit.go:58.42,60.2 1 0
github.com/chaosblade-io/chaosblade/exec/os/script_exit.go:62.112,63.24 1 0
github.com/chaosblade-io/chaosblade/exec/os/script_exit.go:66.2,67.22 2 0
github.com/chaosblade-io/chaosblade/exec/os/script_exit.go:70.2,70.31 1 0
github.com/chaosblade-io/chaosblade/exec/os/script_exit.go:74.2,74.38 1 0
github.com/chaosblade-io/chaosblade/exec/os/script_exit.go:77.2,78.24 2 0
github.com/chaosblade-io/chaosblade/exec/os/script_exit.go:81.2,83.72 3 0
github.com/chaosblade-io/chaosblade/exec/os/script_exit.go:63.24,65.3 1 0
github.com/chaosblade-io/chaosblade/exec/os/script_exit.go:67.22,69.3 1 0
github.com/chaosblade-io/chaosblade/exec/os/script_exit.go:70.31,73.3 1 0
github.com/chaosblade-io/chaosblade/exec/os/script_exit.go:74.38,76.3 1 0
github.com/chaosblade-io/chaosblade/exec/os/script_exit.go:78.24,80.3 1 0
github.com/chaosblade-io/chaosblade/exec/os/script_exit.go:86.135,88.23 2 0
github.com/chaosblade-io/chaosblade/exec/os/script_exit.go:91.2,91.20 1 0
github.com/chaosblade-io/chaosblade/exec/os/script_exit.go:94.2,97.23 3 0
github.com/chaosblade-io/chaosblade/exec/os/script_exit.go:100.2,101.23 2 0
github.com/chaosblade-io/chaosblade/exec/os/script_exit.go:104.2,104.17 1 0
github.com/chaosblade-io/chaosblade/exec/os/script_exit.go:88.23,90.3 1 0
github.com/chaosblade-io/chaosblade/exec/os/script_exit.go:91.20,93.3 1 0
github.com/chaosblade-io/chaosblade/exec/os/script_exit.go:97.23,99.3 1 0
github.com/chaosblade-io/chaosblade/exec/os/script_exit.go:101.23,103.3 1 0
github.com/chaosblade-io/chaosblade/exec/os/script_exit.go:107.97,109.2 1 0
github.com/chaosblade-io/chaosblade/exec/os/script_exit.go:111.65,113.2 1 0
github.com/chaosblade-io/chaosblade/exec/os/disk.go:10.39,12.2 1 0
github.com/chaosblade-io/chaosblade/exec/os/disk.go:14.44,16.2 1 0
github.com/chaosblade-io/chaosblade/exec/os/disk.go:18.43,20.2 1 0
github.com/chaosblade-io/chaosblade/exec/os/disk.go:22.42,26.2 1 0
github.com/chaosblade-io/chaosblade/exec/os/disk.go:28.63,33.2 1 0
github.com/chaosblade-io/chaosblade/exec/os/disk.go:35.52,42.2 1 0
github.com/chaosblade-io/chaosblade/exec/os/disk.go:44.56,46.2 1 0
github.com/chaosblade-io/chaosblade/exec/os/network_dns.go:14.37,16.2 1 0
github.com/chaosblade-io/chaosblade/exec/os/network_dns.go:18.42,20.2 1 0
github.com/chaosblade-io/chaosblade/exec/os/network_dns.go:22.42,24.2 1 0
github.com/chaosblade-io/chaosblade/exec/os/network_dns.go:26.41,28.2 1 0
github.com/chaosblade-io/chaosblade/exec/os/network_dns.go:30.53,32.2 1 0
github.com/chaosblade-io/chaosblade/exec/os/network_dns.go:34.50,47.2 1 0
github.com/chaosblade-io/chaosblade/exec/os/network_dns.go:53.42,55.2 1 0
github.com/chaosblade-io/chaosblade/exec/os/network_dns.go:59.111,60.23 1 0
github.com/chaosblade-io/chaosblade/exec/os/network_dns.go:63.2,65.30 3 0
github.com/chaosblade-io/chaosblade/exec/os/network_dns.go:69.2,69.38 1 0
github.com/chaosblade-io/chaosblade/exec/os/network_dns.go:73.2,73.34 1 0
github.com/chaosblade-io/chaosblade/exec/os/network_dns.go:60.23,62.3 1 0
github.com/chaosblade-io/chaosblade/exec/os/network_dns.go:65.30,68.3 1 0
github.com/chaosblade-io/chaosblade/exec/os/network_dns.go:69.38,71.3 1 0
github.com/chaosblade-io/chaosblade/exec/os/network_dns.go:76.97,79.2 1 0
github.com/chaosblade-io/chaosblade/exec/os/network_dns.go:81.96,84.2 1 0
github.com/chaosblade-io/chaosblade/exec/os/network_dns.go:86.64,88.2 1 0
github.com/chaosblade-io/chaosblade/exec/os/network_dns.go:90.68,92.2 1 0
github.com/chaosblade-io/chaosblade/exec/os/network_drop.go:14.38,16.2 1 0
github.com/chaosblade-io/chaosblade/exec/os/network_drop.go:18.43,20.2 1 0
github.com/chaosblade-io/chaosblade/exec/os/network_drop.go:22.43,24.2 1 0
github.com/chaosblade-io/chaosblade/exec/os/network_drop.go:26.42,28.2 1 0
github.com/chaosblade-io/chaosblade/exec/os/network_drop.go:30.54,41.2 1 0
github.com/chaosblade-io/chaosblade/exec/os/network_drop.go:43.51,45.2 1 0
github.com/chaosblade-io/chaosblade/exec/os/network_drop.go:51.43,53.2 1 0
github.com/chaosblade-io/chaosblade/exec/os/network_drop.go:57.113,58.23 1 0
github.com/chaosblade-io/chaosblade/exec/os/network_drop.go:61.2,63.38 3 0
github.com/chaosblade-io/chaosblade/exec/os/network_drop.go:67.2,67.45 1 0
github.com/chaosblade-io/chaosblade/exec/os/network_drop.go:58.23,60.3 1 0
github.com/chaosblade-io/chaosblade/exec/os/network_drop.go:63.38,65.3 1 0
github.com/chaosblade-io/chaosblade/exec/os/network_drop.go:70.109,72.21 2 0
github.com/chaosblade-io/chaosblade/exec/os/network_drop.go:75.2,75.22 1 0
github.com/chaosblade-io/chaosblade/exec/os/network_drop.go:78.2,78.89 1 0
github.com/chaosblade-io/chaosblade/exec/os/network_drop.go:72.21,74.3 1 0
github.com/chaosblade-io/chaosblade/exec/os/network_drop.go:75.22,77.3 1 0
github.com/chaosblade-io/chaosblade/exec/os/network_drop.go:81.108,83.21 2 0
github.com/chaosblade-io/chaosblade/exec/os/network_drop.go:86.2,86.22 1 0
github.com/chaosblade-io/chaosblade/exec/os/network_drop.go:89.2,89.89 1 0
github.com/chaosblade-io/chaosblade/exec/os/network_drop.go:83.21,85.3 1 0
github.com/chaosblade-io/chaosblade/exec/os/network_drop.go:86.22,88.3 1 0
github.com/chaosblade-io/chaosblade/exec/os/network_drop.go:92.65,94.2 1 0
github.com/chaosblade-io/chaosblade/exec/os/network_drop.go:96.69,98.2 1 0
github.com/chaosblade-io/chaosblade/exec/os/network.go:8.42,10.2 1 0
github.com/chaosblade-io/chaosblade/exec/os/network.go:12.47,14.2 1 0
github.com/chaosblade-io/chaosblade/exec/os/network.go:16.46,18.2 1 0
github.com/chaosblade-io/chaosblade/exec/os/network.go:20.45,24.2 1 0
github.com/chaosblade-io/chaosblade/exec/os/network.go:26.66,33.2 1 0
github.com/chaosblade-io/chaosblade/exec/os/network.go:35.55,37.2 1 0
github.com/chaosblade-io/chaosblade/exec/os/network.go:39.59,41.2 1 0
github.com/chaosblade-io/chaosblade/exec/os/network_delay.go:14.39,16.2 1 0
github.com/chaosblade-io/chaosblade/exec/os/network_delay.go:18.44,20.2 1 0
github.com/chaosblade-io/chaosblade/exec/os/network_delay.go:22.44,24.2 1 0
github.com/chaosblade-io/chaosblade/exec/os/network_delay.go:26.43,28.2 1 0
github.com/chaosblade-io/chaosblade/exec/os/network_delay.go:30.55,50.2 1 0
github.com/chaosblade-io/chaosblade/exec/os/network_delay.go:52.52,64.2 1 0
github.com/chaosblade-io/chaosblade/exec/os/network_delay.go:70.47,72.2 1 0
github.com/chaosblade-io/chaosblade/exec/os/network_delay.go:74.113,75.23 1 0
github.com/chaosblade-io/chaosblade/exec/os/network_delay.go:78.2,79.24 2 0
github.com/chaosblade-io/chaosblade/exec/os/network_delay.go:82.2,83.16 2 0
github.com/chaosblade-io/chaosblade/exec/os/network_delay.go:86.2,87.18 2 0
github.com/chaosblade-io/chaosblade/exec/os/network_delay.go:90.2,93.38 4 0
github.com/chaosblade-io/chaosblade/exec/os/network_delay.go:75.23,77.3 1 0
github.com/chaosblade-io/chaosblade/exec/os/network_delay.go:79.24,81.3 1 0
github.com/chaosblade-io/chaosblade/exec/os/network_delay.go:83.16,85.3 1 0
github.com/chaosblade-io/chaosblade/exec/os/network_delay.go:87.18,89.3 1 0
github.com/chaosblade-io/chaosblade/exec/os/network_delay.go:93.38,95.3 1 0
github.com/chaosblade-io/chaosblade/exec/os/network_delay.go:95.8,97.3 1 0
github.com/chaosblade-io/chaosblade/exec/os/network_delay.go:102.151,104.21 2 0
github.com/chaosblade-io/chaosblade/exec/os/network_delay.go:107.2,107.22 1 0
github.com/chaosblade-io/chaosblade/exec/os/network_delay.go:110.2,110.23 1 0
github.com/chaosblade-io/chaosblade/exec/os/network_delay.go:113.2,113.90 1 0
github.com/chaosblade-io/chaosblade/exec/os/network_delay.go:104.21,106.3 1 0
github.com/chaosblade-io/chaosblade/exec/os/network_delay.go:107.22,109.3 1 0
github.com/chaosblade-io/chaosblade/exec/os/network_delay.go:110.23,112.3 1 0
github.com/chaosblade-io/chaosblade/exec/os/network_delay.go:116.100,119.2 1 0
github.com/chaosblade-io/chaosblade/exec/os/network_delay.go:121.66,123.2 1 0
github.com/chaosblade-io/chaosblade/exec/os/network_delay.go:125.70,127.2 1 0
github.com/chaosblade-io/chaosblade/exec/os/process.go:14.47,16.2 1 0
github.com/chaosblade-io/chaosblade/exec/os/process.go:18.52,20.2 1 0
github.com/chaosblade-io/chaosblade/exec/os/process.go:22.51,24.2 1 0
github.com/chaosblade-io/chaosblade/exec/os/process.go:26.50,28.2 1 0
github.com/chaosblade-io/chaosblade/exec/os/process.go:30.71,34.2 1 0
github.com/chaosblade-io/chaosblade/exec/os/process.go:36.60,38.2 1 0
github.com/chaosblade-io/chaosblade/exec/os/process.go:40.64,42.2 1 0
github.com/chaosblade-io/chaosblade/exec/os/process.go:47.45,49.2 1 0
github.com/chaosblade-io/chaosblade/exec/os/process.go:51.50,53.2 1 0
github.com/chaosblade-io/chaosblade/exec/os/process.go:55.50,57.2 1 0
github.com/chaosblade-io/chaosblade/exec/os/process.go:59.49,61.2 1 0
github.com/chaosblade-io/chaosblade/exec/os/process.go:63.61,74.2 1 0
github.com/chaosblade-io/chaosblade/exec/os/process.go:76.58,78.2 1 0
github.com/chaosblade-io/chaosblade/exec/os/process.go:80.76,82.2 1 0
github.com/chaosblade-io/chaosblade/exec/os/process.go:88.42,90.2 1 0
github.com/chaosblade-io/chaosblade/exec/os/process.go:94.108,95.23 1 0
github.com/chaosblade-io/chaosblade/exec/os/process.go:98.2,98.38 1 0
github.com/chaosblade-io/chaosblade/exec/os/process.go:101.2,101.32 1 0
github.com/chaosblade-io/chaosblade/exec/os/process.go:105.2,107.39 3 0
github.com/chaosblade-io/chaosblade/exec/os/process.go:110.2,111.19 2 0
github.com/chaosblade-io/chaosblade/exec/os/process.go:116.2,116.90 1 0
github.com/chaosblade-io/chaosblade/exec/os/process.go:95.23,97.3 1 0
github.com/chaosblade-io/chaosblade/exec/os/process.go:98.38,100.3 1 0
github.com/chaosblade-io/chaosblade/exec/os/process.go:101.32,104.3 1 0
github.com/chaosblade-io/chaosblade/exec/os/process.go:107.39,109.3 1 0
github.com/chaosblade-io/chaosblade/exec/os/process.go:111.19,113.3 1 0
github.com/chaosblade-io/chaosblade/exec/os/process.go:113.8,113.29 1 0
github.com/chaosblade-io/chaosblade/exec/os/process.go:113.29,115.3 1 0
github.com/chaosblade-io/chaosblade/exec/os/process.go:119.61,121.2 1 0
github.com/chaosblade-io/chaosblade/exec/os/script.go:15.46,17.2 1 0
github.com/chaosblade-io/chaosblade/exec/os/script.go:19.51,21.2 1 0
github.com/chaosblade-io/chaosblade/exec/os/script.go:23.50,25.2 1 0
github.com/chaosblade-io/chaosblade/exec/os/script.go:27.49,31.2 1 0
github.com/chaosblade-io/chaosblade/exec/os/script.go:33.70,38.2 1 0
github.com/chaosblade-io/chaosblade/exec/os/script.go:40.59,53.2 1 0
github.com/chaosblade-io/chaosblade/exec/os/script.go:55.63,57.2 1 0
github.com/chaosblade-io/chaosblade/exec/os/script.go:62.78,64.27 2 0
github.com/chaosblade-io/chaosblade/exec/os/script.go:68.2,68.88 1 0
github.com/chaosblade-io/chaosblade/exec/os/script.go:64.27,67.3 1 0
github.com/chaosblade-io/chaosblade/exec/os/script.go:71.81,73.28 2 0
github.com/chaosblade-io/chaosblade/exec/os/script.go:77.2,78.23 2 0
github.com/chaosblade-io/chaosblade/exec/os/script.go:81.2,81.74 1 0
github.com/chaosblade-io/chaosblade/exec/os/script.go:73.28,76.3 1 0
github.com/chaosblade-io/chaosblade/exec/os/script.go:78.23,80.3 1 0
github.com/chaosblade-io/chaosblade/exec/os/script.go:84.44,86.2 1 0
github.com/chaosblade-io/chaosblade/exec/os/script.go:90.124,93.23 2 0
github.com/chaosblade-io/chaosblade/exec/os/script.go:96.2,98.23 3 0
github.com/chaosblade-io/chaosblade/exec/os/script.go:102.2,102.64 1 0
github.com/chaosblade-io/chaosblade/exec/os/script.go:106.2,108.108 2 0
github.com/chaosblade-io/chaosblade/exec/os/script.go:93.23,95.3 1 0
github.com/chaosblade-io/chaosblade/exec/os/script.go:98.23,101.3 1 0
github.com/chaosblade-io/chaosblade/exec/os/script.go:102.64,105.3 1 0
github.com/chaosblade-io/chaosblade/exec/os/cpu.go:18.43,20.2 1 0
github.com/chaosblade-io/chaosblade/exec/os/cpu.go:22.48,24.2 1 0
github.com/chaosblade-io/chaosblade/exec/os/cpu.go:26.47,28.2 1 0
github.com/chaosblade-io/chaosblade/exec/os/cpu.go:30.46,32.2 1 0
github.com/chaosblade-io/chaosblade/exec/os/cpu.go:34.67,38.2 1 0
github.com/chaosblade-io/chaosblade/exec/os/cpu.go:40.60,53.2 1 0
github.com/chaosblade-io/chaosblade/exec/os/cpu.go:55.60,57.2 1 0
github.com/chaosblade-io/chaosblade/exec/os/cpu.go:62.153,64.2 1 0
github.com/chaosblade-io/chaosblade/exec/os/cpu.go:69.45,71.2 1 0
github.com/chaosblade-io/chaosblade/exec/os/cpu.go:73.50,75.2 1 0
github.com/chaosblade-io/chaosblade/exec/os/cpu.go:77.50,79.2 1 0
github.com/chaosblade-io/chaosblade/exec/os/cpu.go:81.49,83.2 1 0
github.com/chaosblade-io/chaosblade/exec/os/cpu.go:85.61,87.2 1 0
github.com/chaosblade-io/chaosblade/exec/os/cpu.go:89.58,91.2 1 0
github.com/chaosblade-io/chaosblade/exec/os/cpu.go:93.76,97.2 1 0
github.com/chaosblade-io/chaosblade/exec/os/cpu.go:103.38,105.2 1 0
github.com/chaosblade-io/chaosblade/exec/os/cpu.go:107.57,109.2 1 0
github.com/chaosblade-io/chaosblade/exec/os/cpu.go:111.104,112.23 1 0
github.com/chaosblade-io/chaosblade/exec/os/cpu.go:115.2,115.38 1 0
github.com/chaosblade-io/chaosblade/exec/os/cpu.go:118.2,122.22 4 0
github.com/chaosblade-io/chaosblade/exec/os/cpu.go:148.2,148.41 1 0
github.com/chaosblade-io/chaosblade/exec/os/cpu.go:112.23,114.3 1 0
github.com/chaosblade-io/chaosblade/exec/os/cpu.go:115.38,117.3 1 0
github.com/chaosblade-io/chaosblade/exec/os/cpu.go:122.22,123.42 1 0
github.com/chaosblade-io/chaosblade/exec/os/cpu.go:127.3,128.17 2 0
github.com/chaosblade-io/chaosblade/exec/os/cpu.go:132.3,132.37 1 0
github.com/chaosblade-io/chaosblade/exec/os/cpu.go:123.42,126.4 1 0
github.com/chaosblade-io/chaosblade/exec/os/cpu.go:128.17,131.4 1 0
github.com/chaosblade-io/chaosblade/exec/os/cpu.go:133.8,137.24 3 0
github.com/chaosblade-io/chaosblade/exec/os/cpu.go:144.3,144.56 1 0
github.com/chaosblade-io/chaosblade/exec/os/cpu.go:137.24,139.18 2 0
github.com/chaosblade-io/chaosblade/exec/os/cpu.go:139.18,142.5 1 0
github.com/chaosblade-io/chaosblade/exec/os/cpu.go:144.56,146.4 1 0
github.com/chaosblade-io/chaosblade/exec/os/cpu.go:154.101,156.19 2 0
github.com/chaosblade-io/chaosblade/exec/os/cpu.go:159.2,159.85 1 0
github.com/chaosblade-io/chaosblade/exec/os/cpu.go:156.19,158.3 1 0
github.com/chaosblade-io/chaosblade/exec/os/cpu.go:163.70,165.2 1 0
github.com/chaosblade-io/chaosblade/exec/os/cpu.go:168.58,171.34 3 3
github.com/chaosblade-io/chaosblade/exec/os/cpu.go:200.2,200.19 1 3
github.com/chaosblade-io/chaosblade/exec/os/cpu.go:171.34,173.18 2 7
github.com/chaosblade-io/chaosblade/exec/os/cpu.go:176.3,176.36 1 7
github.com/chaosblade-io/chaosblade/exec/os/cpu.go:184.3,185.26 2 3
github.com/chaosblade-io/chaosblade/exec/os/cpu.go:188.3,189.17 2 3
github.com/chaosblade-io/chaosblade/exec/os/cpu.go:192.3,193.17 2 3
github.com/chaosblade-io/chaosblade/exec/os/cpu.go:196.3,196.43 1 3
github.com/chaosblade-io/chaosblade/exec/os/cpu.go:173.18,174.12 1 0
github.com/chaosblade-io/chaosblade/exec/os/cpu.go:176.36,178.18 2 4
github.com/chaosblade-io/chaosblade/exec/os/cpu.go:181.4,182.12 2 4
github.com/chaosblade-io/chaosblade/exec/os/cpu.go:178.18,180.5 1 0
github.com/chaosblade-io/chaosblade/exec/os/cpu.go:185.26,187.4 1 0
github.com/chaosblade-io/chaosblade/exec/os/cpu.go:189.17,191.4 1 0
github.com/chaosblade-io/chaosblade/exec/os/cpu.go:193.17,195.4 1 0
github.com/chaosblade-io/chaosblade/exec/os/cpu.go:196.43,198.4 1 9
github.com/chaosblade-io/chaosblade/exec/os/disk_burn.go:15.38,17.2 1 0
github.com/chaosblade-io/chaosblade/exec/os/disk_burn.go:19.43,21.2 1 0
github.com/chaosblade-io/chaosblade/exec/os/disk_burn.go:22.43,24.2 1 0
github.com/chaosblade-io/chaosblade/exec/os/disk_burn.go:26.42,28.2 1 0
github.com/chaosblade-io/chaosblade/exec/os/disk_burn.go:30.54,43.2 1 0
github.com/chaosblade-io/chaosblade/exec/os/disk_burn.go:45.51,56.2 1 0
github.com/chaosblade-io/chaosblade/exec/os/disk_burn.go:62.38,64.2 1 0
github.com/chaosblade-io/chaosblade/exec/os/disk_burn.go:68.107,69.23 1 0
github.com/chaosblade-io/chaosblade/exec/os/disk_burn.go:72.2,73.22 2 0
github.com/chaosblade-io/chaosblade/exec/os/disk_burn.go:76.2,76.38 1 0
github.com/chaosblade-io/chaosblade/exec/os/disk_burn.go:79.2,79.31 1 0
github.com/chaosblade-io/chaosblade/exec/os/disk_burn.go:83.2,85.33 3 0
github.com/chaosblade-io/chaosblade/exec/os/disk_burn.go:88.2,89.17 2 0
github.com/chaosblade-io/chaosblade/exec/os/disk_burn.go:92.2,93.16 2 0
github.com/chaosblade-io/chaosblade/exec/os/disk_burn.go:96.2,96.72 1 0
github.com/chaosblade-io/chaosblade/exec/os/disk_burn.go:69.23,71.3 1 0
github.com/chaosblade-io/chaosblade/exec/os/disk_burn.go:73.22,75.3 1 0
github.com/chaosblade-io/chaosblade/exec/os/disk_burn.go:76.38,78.3 1 0
github.com/chaosblade-io/chaosblade/exec/os/disk_burn.go:79.31,82.3 1 0
github.com/chaosblade-io/chaosblade/exec/os/disk_burn.go:85.33,87.3 1 0
github.com/chaosblade-io/chaosblade/exec/os/disk_burn.go:89.17,91.3 1 0
github.com/chaosblade-io/chaosblade/exec/os/disk_burn.go:93.16,95.3 1 0
github.com/chaosblade-io/chaosblade/exec/os/disk_burn.go:99.124,102.2 1 0
github.com/chaosblade-io/chaosblade/exec/os/disk_burn.go:104.73,106.2 1 0
github.com/chaosblade-io/chaosblade/exec/os/disk_burn.go:108.60,110.2 1 0
github.com/chaosblade-io/chaosblade/exec/os/disk_burn.go:112.69,114.2 1 0
github.com/chaosblade-io/chaosblade/exec/os/disk_fill.go:16.38,18.2 1 0
github.com/chaosblade-io/chaosblade/exec/os/disk_fill.go:20.43,22.2 1 0
github.com/chaosblade-io/chaosblade/exec/os/disk_fill.go:24.43,26.2 1 0
github.com/chaosblade-io/chaosblade/exec/os/disk_fill.go:28.42,30.2 1 0
github.com/chaosblade-io/chaosblade/exec/os/disk_fill.go:32.51,40.2 1 0
github.com/chaosblade-io/chaosblade/exec/os/disk_fill.go:42.54,44.2 1 0
github.com/chaosblade-io/chaosblade/exec/os/disk_fill.go:50.42,52.2 1 0
github.com/chaosblade-io/chaosblade/exec/os/disk_fill.go:56.112,57.24 1 0
github.com/chaosblade-io/chaosblade/exec/os/disk_fill.go:60.2,61.22 2 0
github.com/chaosblade-io/chaosblade/exec/os/disk_fill.go:64.2,64.31 1 0
github.com/chaosblade-io/chaosblade/exec/os/disk_fill.go:68.2,69.16 2 0
github.com/chaosblade-io/chaosblade/exec/os/disk_fill.go:72.2,73.16 2 0
github.com/chaosblade-io/chaosblade/exec/os/disk_fill.go:76.2,76.38 1 0
github.com/chaosblade-io/chaosblade/exec/os/disk_fill.go:57.24,59.3 1 0
github.com/chaosblade-io/chaosblade/exec/os/disk_fill.go:61.22,63.3 1 0
github.com/chaosblade-io/chaosblade/exec/os/disk_fill.go:64.31,67.3 1 0
github.com/chaosblade-io/chaosblade/exec/os/disk_fill.go:69.16,71.3 1 0
github.com/chaosblade-io/chaosblade/exec/os/disk_fill.go:73.16,75.3 1 0
github.com/chaosblade-io/chaosblade/exec/os/disk_fill.go:76.38,78.3 1 0
github.com/chaosblade-io/chaosblade/exec/os/disk_fill.go:78.8,80.3 1 0
github.com/chaosblade-io/chaosblade/exec/os/disk_fill.go:83.104,86.2 1 0
github.com/chaosblade-io/chaosblade/exec/os/disk_fill.go:88.103,91.2 1 0
github.com/chaosblade-io/chaosblade/exec/os/disk_fill.go:93.65,95.2 1 0
github.com/chaosblade-io/chaosblade/exec/os/disk_fill.go:97.69,99.2 1 0
github.com/chaosblade-io/chaosblade/exec/jvm/executor.go:24.30,29.2 1 1
github.com/chaosblade-io/chaosblade/exec/jvm/executor.go:31.34,33.2 1 0
github.com/chaosblade-io/chaosblade/exec/jvm/executor.go:35.53,37.2 1 0
github.com/chaosblade-io/chaosblade/exec/jvm/executor.go:39.100,42.16 3 0
github.com/chaosblade-io/chaosblade/exec/jvm/executor.go:45.2,45.38 1 0
github.com/chaosblade-io/chaosblade/exec/jvm/executor.go:50.2,51.16 2 0
github.com/chaosblade-io/chaosblade/exec/jvm/executor.go:54.2,54.17 1 0
github.com/chaosblade-io/chaosblade/exec/jvm/executor.go:57.2,59.14 3 0
github.com/chaosblade-io/chaosblade/exec/jvm/executor.go:42.16,44.3 1 0
github.com/chaosblade-io/chaosblade/exec/jvm/executor.go:45.38,47.3 1 0
github.com/chaosblade-io/chaosblade/exec/jvm/executor.go:47.8,49.3 1 0
github.com/chaosblade-io/chaosblade/exec/jvm/executor.go:51.16,53.3 1 0
github.com/chaosblade-io/chaosblade/exec/jvm/executor.go:54.17,56.3 1 0
github.com/chaosblade-io/chaosblade/exec/jvm/executor.go:62.78,65.38 2 1
github.com/chaosblade-io/chaosblade/exec/jvm/executor.go:75.2,75.12 1 1
github.com/chaosblade-io/chaosblade/exec/jvm/executor.go:65.38,66.30 1 1
github.com/chaosblade-io/chaosblade/exec/jvm/executor.go:70.3,70.21 1 1
github.com/chaosblade-io/chaosblade/exec/jvm/executor.go:73.3,73.63 1 1
github.com/chaosblade-io/chaosblade/exec/jvm/executor.go:66.30,67.12 1 0
github.com/chaosblade-io/chaosblade/exec/jvm/executor.go:70.21,71.12 1 0
github.com/chaosblade-io/chaosblade/exec/jvm/executor.go:78.56,82.2 2 0
github.com/chaosblade-io/chaosblade/exec/jvm/executor.go:84.64,86.16 2 0
github.com/chaosblade-io/chaosblade/exec/jvm/executor.go:90.2,90.28 1 0
github.com/chaosblade-io/chaosblade/exec/jvm/executor.go:94.2,96.16 3 0
github.com/chaosblade-io/chaosblade/exec/jvm/executor.go:99.2,101.16 3 0
github.com/chaosblade-io/chaosblade/exec/jvm/executor.go:104.2,104.17 1 0
github.com/chaosblade-io/chaosblade/exec/jvm/executor.go:107.2,107.17 1 0
github.com/chaosblade-io/chaosblade/exec/jvm/executor.go:110.2,112.14 3 0
github.com/chaosblade-io/chaosblade/exec/jvm/executor.go:86.16,89.3 1 0
github.com/chaosblade-io/chaosblade/exec/jvm/executor.go:90.28,92.3 1 0
github.com/chaosblade-io/chaosblade/exec/jvm/executor.go:96.16,98.3 1 0
github.com/chaosblade-io/chaosblade/exec/jvm/executor.go:101.16,103.3 1 0
github.com/chaosblade-io/chaosblade/exec/jvm/executor.go:104.17,106.3 1 0
github.com/chaosblade-io/chaosblade/exec/jvm/executor.go:107.17,109.3 1 0
github.com/chaosblade-io/chaosblade/exec/jvm/executor.go:115.55,117.2 1 0
github.com/chaosblade-io/chaosblade/exec/jvm/executor.go:121.66,123.16 2 0
github.com/chaosblade-io/chaosblade/exec/jvm/executor.go:126.2,126.19 1 0
github.com/chaosblade-io/chaosblade/exec/jvm/executor.go:129.2,129.25 1 0
github.com/chaosblade-io/chaosblade/exec/jvm/executor.go:123.16,125.3 1 0
github.com/chaosblade-io/chaosblade/exec/jvm/executor.go:126.19,128.3 1 0
github.com/chaosblade-io/chaosblade/exec/jvm/executor.go:132.70,135.33 3 0
github.com/chaosblade-io/chaosblade/exec/jvm/executor.go:145.2,145.11 1 0
github.com/chaosblade-io/chaosblade/exec/jvm/executor.go:135.33,136.84 1 0
github.com/chaosblade-io/chaosblade/exec/jvm/executor.go:136.84,139.18 2 0
github.com/chaosblade-io/chaosblade/exec/jvm/executor.go:142.4,142.24 1 0
github.com/chaosblade-io/chaosblade/exec/jvm/executor.go:139.18,141.5 1 0
github.com/chaosblade-io/chaosblade/exec/jvm/sandbox.go:20.83,25.16 4 0
github.com/chaosblade-io/chaosblade/exec/jvm/sandbox.go:28.2,28.35 1 0
github.com/chaosblade-io/chaosblade/exec/jvm/sandbox.go:31.2,31.20 1 0
github.com/chaosblade-io/chaosblade/exec/jvm/sandbox.go:34.2,37.23 3 0
github.com/chaosblade-io/chaosblade/exec/jvm/sandbox.go:40.2,43.23 3 0
github.com/chaosblade-io/chaosblade/exec/jvm/sandbox.go:47.2,47.20 1 0
github.com/chaosblade-io/chaosblade/exec/jvm/sandbox.go:25.16,27.3 1 0
github.com/chaosblade-io/chaosblade/exec/jvm/sandbox.go:28.35,30.3 1 0
github.com/chaosblade-io/chaosblade/exec/jvm/sandbox.go:31.20,33.3 1 0
github.com/chaosblade-io/chaosblade/exec/jvm/sandbox.go:37.23,39.3 1 0
github.com/chaosblade-io/chaosblade/exec/jvm/sandbox.go:43.23,45.3 1 0
github.com/chaosblade-io/chaosblade/exec/jvm/sandbox.go:51.45,54.17 3 0
github.com/chaosblade-io/chaosblade/exec/jvm/sandbox.go:57.2,57.16 1 0
github.com/chaosblade-io/chaosblade/exec/jvm/sandbox.go:60.2,61.64 1 0
github.com/chaosblade-io/chaosblade/exec/jvm/sandbox.go:54.17,56.3 1 0
github.com/chaosblade-io/chaosblade/exec/jvm/sandbox.go:57.16,59.3 1 0
github.com/chaosblade-io/chaosblade/exec/jvm/sandbox.go:65.46,68.16 3 0
github.com/chaosblade-io/chaosblade/exec/jvm/sandbox.go:71.2,71.17 1 0
github.com/chaosblade-io/chaosblade/exec/jvm/sandbox.go:75.2,75.43 1 0
github.com/chaosblade-io/chaosblade/exec/jvm/sandbox.go:68.16,70.3 1 0
github.com/chaosblade-io/chaosblade/exec/jvm/sandbox.go:71.17,74.3 1 0
github.com/chaosblade-io/chaosblade/exec/jvm/sandbox.go:79.89,80.20 1 0
github.com/chaosblade-io/chaosblade/exec/jvm/sandbox.go:83.2,83.20 1 0
github.com/chaosblade-io/chaosblade/exec/jvm/sandbox.go:86.2,88.31 3 0
github.com/chaosblade-io/chaosblade/exec/jvm/sandbox.go:92.2,93.23 2 0
github.com/chaosblade-io/chaosblade/exec/jvm/sandbox.go:96.2,105.23 8 0
github.com/chaosblade-io/chaosblade/exec/jvm/sandbox.go:108.2,111.23 3 0
github.com/chaosblade-io/chaosblade/exec/jvm/sandbox.go:115.2,115.17 1 0
github.com/chaosblade-io/chaosblade/exec/jvm/sandbox.go:80.20,82.3 1 0
github.com/chaosblade-io/chaosblade/exec/jvm/sandbox.go:83.20,85.3 1 0
github.com/chaosblade-io/chaosblade/exec/jvm/sandbox.go:88.31,90.3 1 0
github.com/chaosblade-io/chaosblade/exec/jvm/sandbox.go:93.23,95.3 1 0
github.com/chaosblade-io/chaosblade/exec/jvm/sandbox.go:105.23,107.3 1 0
github.com/chaosblade-io/chaosblade/exec/jvm/sandbox.go:111.23,114.3 1 0
github.com/chaosblade-io/chaosblade/exec/jvm/sandbox.go:118.46,120.2 1 0
github.com/chaosblade-io/chaosblade/exec/jvm/sandbox.go:123.48,126.16 3 0
github.com/chaosblade-io/chaosblade/exec/jvm/sandbox.go:129.2,129.17 1 0
github.com/chaosblade-io/chaosblade/exec/jvm/sandbox.go:133.2,133.43 1 0
github.com/chaosblade-io/chaosblade/exec/jvm/sandbox.go:126.16,128.3 1 0
github.com/chaosblade-io/chaosblade/exec/jvm/sandbox.go:129.17,132.3 1 0
github.com/chaosblade-io/chaosblade/exec/jvm/sandbox.go:136.52,140.2 1 0
github.com/chaosblade-io/chaosblade/exec/os/bin/burncpu/burncpu.go:26.13,35.50 8 0
github.com/chaosblade-io/chaosblade/exec/os/bin/burncpu/burncpu.go:39.2,39.18 1 0
github.com/chaosblade-io/chaosblade/exec/os/bin/burncpu/burncpu.go:35.50,37.3 1 0
github.com/chaosblade-io/chaosblade/exec/os/bin/burncpu/burncpu.go:39.18,41.3 1 0
github.com/chaosblade-io/chaosblade/exec/os/bin/burncpu/burncpu.go:41.8,41.24 1 0
github.com/chaosblade-io/chaosblade/exec/os/bin/burncpu/burncpu.go:41.24,43.3 1 0
github.com/chaosblade-io/chaosblade/exec/os/bin/burncpu/burncpu.go:43.8,43.25 1 0
github.com/chaosblade-io/chaosblade/exec/os/bin/burncpu/burncpu.go:43.25,45.3 1 0
github.com/chaosblade-io/chaosblade/exec/os/bin/burncpu/burncpu.go:45.8,47.3 1 0
github.com/chaosblade-io/chaosblade/exec/os/bin/burncpu/burncpu.go:50.16,53.32 2 0
github.com/chaosblade-io/chaosblade/exec/os/bin/burncpu/burncpu.go:62.2,62.9 1 0
github.com/chaosblade-io/chaosblade/exec/os/bin/burncpu/burncpu.go:53.32,54.13 1 0
github.com/chaosblade-io/chaosblade/exec/os/bin/burncpu/burncpu.go:54.13,55.8 1 0
github.com/chaosblade-io/chaosblade/exec/os/bin/burncpu/burncpu.go:55.8,56.37 1 0
github.com/chaosblade-io/chaosblade/exec/os/bin/burncpu/burncpu.go:58.5,58.22 1 0
github.com/chaosblade-io/chaosblade/exec/os/bin/burncpu/burncpu.go:56.38,57.6 0 0
github.com/chaosblade-io/chaosblade/exec/os/bin/burncpu/burncpu.go:78.21,80.19 2 2
github.com/chaosblade-io/chaosblade/exec/os/bin/burncpu/burncpu.go:90.2,90.23 1 2
github.com/chaosblade-io/chaosblade/exec/os/bin/burncpu/burncpu.go:80.19,83.30 3 1
github.com/chaosblade-io/chaosblade/exec/os/bin/burncpu/burncpu.go:83.30,86.4 2 4
github.com/chaosblade-io/chaosblade/exec/os/bin/burncpu/burncpu.go:87.8,89.3 1 1
github.com/chaosblade-io/chaosblade/exec/os/bin/burncpu/burncpu.go:94.90,98.15 2 1
github.com/chaosblade-io/chaosblade/exec/os/bin/burncpu/burncpu.go:101.2,103.23 3 1
github.com/chaosblade-io/chaosblade/exec/os/bin/burncpu/burncpu.go:107.2,107.15 1 1
github.com/chaosblade-io/chaosblade/exec/os/bin/burncpu/burncpu.go:125.2,125.11 1 1
github.com/chaosblade-io/chaosblade/exec/os/bin/burncpu/burncpu.go:98.15,100.3 1 0
github.com/chaosblade-io/chaosblade/exec/os/bin/burncpu/burncpu.go:103.23,106.3 2 1
github.com/chaosblade-io/chaosblade/exec/os/bin/burncpu/burncpu.go:107.15,111.17 3 0
github.com/chaosblade-io/chaosblade/exec/os/bin/burncpu/burncpu.go:115.3,115.20 1 0
github.com/chaosblade-io/chaosblade/exec/os/bin/burncpu/burncpu.go:111.17,114.4 2 0
github.com/chaosblade-io/chaosblade/exec/os/bin/burncpu/burncpu.go:115.20,118.18 2 0
github.com/chaosblade-io/chaosblade/exec/os/bin/burncpu/burncpu.go:122.4,122.14 1 0
github.com/chaosblade-io/chaosblade/exec/os/bin/burncpu/burncpu.go:118.18,121.5 2 0
github.com/chaosblade-io/chaosblade/exec/os/bin/burncpu/burncpu.go:129.61,131.23 2 1
github.com/chaosblade-io/chaosblade/exec/os/bin/burncpu/burncpu.go:131.23,134.3 2 1
github.com/chaosblade-io/chaosblade/exec/os/bin/burncpu/burncpu.go:138.40,143.35 4 1
github.com/chaosblade-io/chaosblade/exec/os/bin/burncpu/burncpu.go:143.35,145.3 1 1
github.com/chaosblade-io/chaosblade/exec/os/bin/burncpu/burncpu.go:149.20,153.35 3 1
github.com/chaosblade-io/chaosblade/exec/os/bin/burncpu/burncpu.go:156.2,156.73 1 0
github.com/chaosblade-io/chaosblade/exec/os/bin/burncpu/burncpu.go:153.35,155.3 1 1
github.com/chaosblade-io/chaosblade/cli/revoke.go:16.33,23.55 1 0
github.com/chaosblade-io/chaosblade/cli/revoke.go:23.55,25.4 1 0
github.com/chaosblade-io/chaosblade/cli/revoke.go:30.57,33.16 3 0
github.com/chaosblade-io/chaosblade/cli/revoke.go:37.2,37.19 1 0
github.com/chaosblade-io/chaosblade/cli/revoke.go:41.2,41.32 1 0
github.com/chaosblade-io/chaosblade/cli/revoke.go:45.2,47.28 3 0
github.com/chaosblade-io/chaosblade/cli/revoke.go:57.2,57.23 1 0
github.com/chaosblade-io/chaosblade/cli/revoke.go:61.2,63.12 3 0
github.com/chaosblade-io/chaosblade/cli/revoke.go:33.16,36.3 1 0
github.com/chaosblade-io/chaosblade/cli/revoke.go:37.19,40.3 1 0
github.com/chaosblade-io/chaosblade/cli/revoke.go:41.32,44.3 2 0
github.com/chaosblade-io/chaosblade/cli/revoke.go:48.22,49.37 1 0
github.com/chaosblade-io/chaosblade/cli/revoke.go:50.22,52.64 2 0
github.com/chaosblade-io/chaosblade/cli/revoke.go:53.10,55.63 1 0
github.com/chaosblade-io/chaosblade/cli/revoke.go:57.23,60.3 2 0
github.com/chaosblade-io/chaosblade/cli/revoke.go:66.29,68.2 1 0
github.com/chaosblade-io/chaosblade/cli/status.go:20.33,26.55 1 0
github.com/chaosblade-io/chaosblade/cli/status.go:31.2,33.79 3 0
github.com/chaosblade-io/chaosblade/cli/status.go:26.55,28.4 1 0
github.com/chaosblade-io/chaosblade/cli/status.go:36.81,38.19 2 0
github.com/chaosblade-io/chaosblade/cli/status.go:43.2,45.24 3 0
github.com/chaosblade-io/chaosblade/cli/status.go:69.2,69.16 1 0
github.com/chaosblade-io/chaosblade/cli/status.go:72.2,72.24 1 0
github.com/chaosblade-io/chaosblade/cli/status.go:75.2,77.46 2 0
github.com/chaosblade-io/chaosblade/cli/status.go:86.2,86.12 1 0
github.com/chaosblade-io/chaosblade/cli/status.go:38.19,40.3 1 0
github.com/chaosblade-io/chaosblade/cli/status.go:40.8,42.3 1 0
github.com/chaosblade-io/chaosblade/cli/status.go:46.37,47.16 1 0
github.com/chaosblade-io/chaosblade/cli/status.go:54.37,55.16 1 0
github.com/chaosblade-io/chaosblade/cli/status.go:60.10,61.16 1 0
github.com/chaosblade-io/chaosblade/cli/status.go:64.3,65.39 2 0
github.com/chaosblade-io/chaosblade/cli/status.go:47.16,49.4 1 0
github.com/chaosblade-io/chaosblade/cli/status.go:49.9,49.29 1 0
github.com/chaosblade-io/chaosblade/cli/status.go:49.29,51.4 1 0
github.com/chaosblade-io/chaosblade/cli/status.go:51.9,53.4 1 0
github.com/chaosblade-io/chaosblade/cli/status.go:55.16,57.4 1 0
github.com/chaosblade-io/chaosblade/cli/status.go:57.9,59.4 1 0
github.com/chaosblade-io/chaosblade/cli/status.go:61.16,63.4 1 0
github.com/chaosblade-io/chaosblade/cli/status.go:65.39,67.4 1 0
github.com/chaosblade-io/chaosblade/cli/status.go:69.16,71.3 1 0
github.com/chaosblade-io/chaosblade/cli/status.go:72.24,74.3 1 0
github.com/chaosblade-io/chaosblade/cli/status.go:77.46,79.17 2 0
github.com/chaosblade-io/chaosblade/cli/status.go:82.3,82.36 1 0
github.com/chaosblade-io/chaosblade/cli/status.go:79.17,81.4 1 0
github.com/chaosblade-io/chaosblade/cli/status.go:83.8,85.3 1 0
github.com/chaosblade-io/chaosblade/cli/status.go:89.29,92.2 1 0
github.com/chaosblade-io/chaosblade/cli/cli.go:13.20,23.2 3 1
github.com/chaosblade-io/chaosblade/cli/cli.go:26.28,29.2 2 1
github.com/chaosblade-io/chaosblade/cli/cli.go:32.29,34.2 1 1
github.com/chaosblade-io/chaosblade/cli/destroy.go:17.34,25.55 1 0
github.com/chaosblade-io/chaosblade/cli/destroy.go:25.55,27.4 1 0
github.com/chaosblade-io/chaosblade/cli/destroy.go:32.79,35.16 3 0
github.com/chaosblade-io/chaosblade/cli/destroy.go:38.2,38.18 1 0
github.com/chaosblade-io/chaosblade/cli/destroy.go:41.2,41.33 1 0
github.com/chaosblade-io/chaosblade/cli/destroy.go:47.2,51.19 5 0
github.com/chaosblade-io/chaosblade/cli/destroy.go:60.2,61.21 2 0
github.com/chaosblade-io/chaosblade/cli/destroy.go:66.2,71.24 4 0
github.com/chaosblade-io/chaosblade/cli/destroy.go:85.2,86.23 2 0
github.com/chaosblade-io/chaosblade/cli/destroy.go:90.2,93.12 4 0
github.com/chaosblade-io/chaosblade/cli/destroy.go:35.16,37.3 1 0
github.com/chaosblade-io/chaosblade/cli/destroy.go:38.18,40.3 1 0
github.com/chaosblade-io/chaosblade/cli/destroy.go:41.33,46.3 3 0
github.com/chaosblade-io/chaosblade/cli/destroy.go:51.19,52.20 1 0
github.com/chaosblade-io/chaosblade/cli/destroy.go:52.20,55.4 2 0
github.com/chaosblade-io/chaosblade/cli/destroy.go:55.9,58.4 2 0
github.com/chaosblade-io/chaosblade/cli/destroy.go:61.21,64.3 1 0
github.com/chaosblade-io/chaosblade/cli/destroy.go:71.24,73.21 2 0
github.com/chaosblade-io/chaosblade/cli/destroy.go:73.21,75.18 2 0
github.com/chaosblade-io/chaosblade/cli/destroy.go:78.4,78.22 1 0
github.com/chaosblade-io/chaosblade/cli/destroy.go:81.4,81.14 1 0
github.com/chaosblade-io/chaosblade/cli/destroy.go:75.18,77.5 1 0
github.com/chaosblade-io/chaosblade/cli/destroy.go:78.22,80.5 1 0
github.com/chaosblade-io/chaosblade/cli/destroy.go:86.23,88.3 1 0
github.com/chaosblade-io/chaosblade/cli/destroy.go:97.71,104.20 3 2
github.com/chaosblade-io/chaosblade/cli/destroy.go:107.2,107.37 1 2
github.com/chaosblade-io/chaosblade/cli/destroy.go:115.2,115.14 1 2
github.com/chaosblade-io/chaosblade/cli/destroy.go:104.20,106.3 1 0
github.com/chaosblade-io/chaosblade/cli/destroy.go:107.37,110.35 2 4
github.com/chaosblade-io/chaosblade/cli/destroy.go:113.3,113.38 1 4
github.com/chaosblade-io/chaosblade/cli/destroy.go:110.35,112.4 1 4
github.com/chaosblade-io/chaosblade/cli/destroy.go:118.30,120.2 1 0
github.com/chaosblade-io/chaosblade/cli/query.go:15.32,21.55 1 0
github.com/chaosblade-io/chaosblade/cli/query.go:21.55,24.4 1 0
github.com/chaosblade-io/chaosblade/cli/query.go:29.47,31.2 1 0
github.com/chaosblade-io/chaosblade/cli/query_disk.go:18.37,24.55 1 0
github.com/chaosblade-io/chaosblade/cli/query_disk.go:24.55,26.4 1 0
github.com/chaosblade-io/chaosblade/cli/query_disk.go:31.56,33.2 1 0
github.com/chaosblade-io/chaosblade/cli/query_disk.go:35.86,36.13 1 2
github.com/chaosblade-io/chaosblade/cli/query_disk.go:60.2,60.12 1 1
github.com/chaosblade-io/chaosblade/cli/query_disk.go:37.21,40.24 2 1
github.com/chaosblade-io/chaosblade/cli/query_disk.go:43.3,46.31 4 1
github.com/chaosblade-io/chaosblade/cli/query_disk.go:56.3,56.51 1 1
github.com/chaosblade-io/chaosblade/cli/query_disk.go:57.10,58.54 1 1
github.com/chaosblade-io/chaosblade/cli/query_disk.go:40.24,42.4 1 0
github.com/chaosblade-io/chaosblade/cli/query_disk.go:46.31,48.36 1 15
github.com/chaosblade-io/chaosblade/cli/query_disk.go:48.36,50.21 2 9
github.com/chaosblade-io/chaosblade/cli/query_disk.go:53.5,53.36 1 9
github.com/chaosblade-io/chaosblade/cli/query_disk.go:50.21,51.14 1 0
github.com/chaosblade-io/chaosblade/cli/version.go:18.34,25.48 2 0
github.com/chaosblade-io/chaosblade/cli/version.go:25.48,30.4 4 0
github.com/chaosblade-io/chaosblade/cli/version.go:34.20,38.2 3 0
github.com/chaosblade-io/chaosblade/cli/create.go:12.33,20.2 1 0
github.com/chaosblade-io/chaosblade/cli/create.go:22.29,24.2 1 0
github.com/chaosblade-io/chaosblade/cli/main.go:8.13,44.34 19 0
github.com/chaosblade-io/chaosblade/cli/main.go:44.34,47.3 2 0
github.com/chaosblade-io/chaosblade/cli/prepare_jvm.go:22.37,27.55 1 1
github.com/chaosblade-io/chaosblade/cli/prepare_jvm.go:32.2,35.58 4 1
github.com/chaosblade-io/chaosblade/cli/prepare_jvm.go:27.55,29.4 1 0
github.com/chaosblade-io/chaosblade/cli/prepare_jvm.go:38.54,40.2 1 1
github.com/chaosblade-io/chaosblade/cli/prepare_jvm.go:42.49,44.16 2 0
github.com/chaosblade-io/chaosblade/cli/prepare_jvm.go:48.2,48.49 1 0
github.com/chaosblade-io/chaosblade/cli/prepare_jvm.go:60.2,61.67 2 0
github.com/chaosblade-io/chaosblade/cli/prepare_jvm.go:44.16,47.3 1 0
github.com/chaosblade-io/chaosblade/cli/prepare_jvm.go:48.49,50.17 2 0
github.com/chaosblade-io/chaosblade/cli/prepare_jvm.go:54.3,55.17 2 0
github.com/chaosblade-io/chaosblade/cli/prepare_jvm.go:50.17,53.4 1 0
github.com/chaosblade-io/chaosblade/cli/prepare_jvm.go:55.17,58.4 1 0
github.com/chaosblade-io/chaosblade/cli/prepare_jvm.go:65.47,67.16 2 0
github.com/chaosblade-io/chaosblade/cli/prepare_jvm.go:70.2,70.32 1 0
github.com/chaosblade-io/chaosblade/cli/prepare_jvm.go:67.16,69.3 1 0
github.com/chaosblade-io/chaosblade/cli/prepare_jvm.go:73.35,75.16 2 0
github.com/chaosblade-io/chaosblade/cli/prepare_jvm.go:78.2,79.16 2 0
github.com/chaosblade-io/chaosblade/cli/prepare_jvm.go:82.2,83.49 2 0
github.com/chaosblade-io/chaosblade/cli/prepare_jvm.go:75.16,77.3 1 0
github.com/chaosblade-io/chaosblade/cli/prepare_jvm.go:79.16,81.3 1 0
github.com/chaosblade-io/chaosblade/cli/query_jvm.go:13.36,19.55 1 0
github.com/chaosblade-io/chaosblade/cli/query_jvm.go:19.55,21.4 1 0
github.com/chaosblade-io/chaosblade/cli/query_jvm.go:26.54,28.2 1 0
github.com/chaosblade-io/chaosblade/cli/query_jvm.go:31.89,33.22 2 0
github.com/chaosblade-io/chaosblade/cli/query_jvm.go:38.2,38.12 1 0
github.com/chaosblade-io/chaosblade/cli/query_jvm.go:33.22,35.3 1 0
github.com/chaosblade-io/chaosblade/cli/query_jvm.go:35.8,37.3 1 0
github.com/chaosblade-io/chaosblade/cli/command.go:33.32,34.2 0 0
github.com/chaosblade-io/chaosblade/cli/command.go:36.50,38.2 1 0
github.com/chaosblade-io/chaosblade/cli/command.go:40.38,42.2 1 0
github.com/chaosblade-io/chaosblade/cli/command.go:47.27,48.15 1 5
github.com/chaosblade-io/chaosblade/cli/command.go:51.2,51.11 1 5
github.com/chaosblade-io/chaosblade/cli/command.go:48.15,50.3 1 0
github.com/chaosblade-io/chaosblade/cli/command.go:55.33,57.2 1 1
github.com/chaosblade-io/chaosblade/cli/command.go:60.96,63.16 3 2
github.com/chaosblade-io/chaosblade/cli/command.go:66.2,67.16 2 2
github.com/chaosblade-io/chaosblade/cli/command.go:70.2,81.16 3 2
github.com/chaosblade-io/chaosblade/cli/command.go:84.2,84.26 1 2
github.com/chaosblade-io/chaosblade/cli/command.go:63.16,65.3 1 0
github.com/chaosblade-io/chaosblade/cli/command.go:67.16,69.3 1 0
github.com/chaosblade-io/chaosblade/cli/command.go:81.16,83.3 1 0
github.com/chaosblade-io/chaosblade/cli/command.go:87.67,90.19 2 5
github.com/chaosblade-io/chaosblade/cli/command.go:93.2,93.30 1 4
github.com/chaosblade-io/chaosblade/cli/command.go:90.19,92.3 1 1
github.com/chaosblade-io/chaosblade/cli/command.go:96.54,98.16 2 2
github.com/chaosblade-io/chaosblade/cli/command.go:101.2,102.16 2 2
github.com/chaosblade-io/chaosblade/cli/command.go:105.2,105.18 1 2
github.com/chaosblade-io/chaosblade/cli/command.go:108.2,108.25 1 0
github.com/chaosblade-io/chaosblade/cli/command.go:98.16,100.3 1 0
github.com/chaosblade-io/chaosblade/cli/command.go:102.16,104.3 1 0
github.com/chaosblade-io/chaosblade/cli/command.go:105.18,107.3 1 2
github.com/chaosblade-io/chaosblade/cli/command.go:112.34,113.14 1 0
github.com/chaosblade-io/chaosblade/cli/command.go:117.2,121.32 2 0
github.com/chaosblade-io/chaosblade/cli/command.go:113.14,116.3 2 0
github.com/chaosblade-io/chaosblade/cli/command.go:125.50,128.60 3 0
github.com/chaosblade-io/chaosblade/cli/command.go:131.2,134.36 4 0
github.com/chaosblade-io/chaosblade/cli/command.go:128.60,130.3 1 0
github.com/chaosblade-io/chaosblade/cli/exp.go:68.34,76.2 3 0
github.com/chaosblade-io/chaosblade/cli/exp.go:78.30,87.2 4 0
github.com/chaosblade-io/chaosblade/cli/exp.go:89.52,90.38 1 0
github.com/chaosblade-io/chaosblade/cli/exp.go:90.38,92.3 1 0
github.com/chaosblade-io/chaosblade/cli/exp.go:99.63,113.2 6 0
github.com/chaosblade-io/chaosblade/cli/exp.go:116.64,119.16 3 0
github.com/chaosblade-io/chaosblade/cli/exp.go:122.2,123.33 2 0
github.com/chaosblade-io/chaosblade/cli/exp.go:128.2,128.20 1 0
github.com/chaosblade-io/chaosblade/cli/exp.go:119.16,121.3 1 0
github.com/chaosblade-io/chaosblade/cli/exp.go:123.33,127.3 3 0
github.com/chaosblade-io/chaosblade/cli/exp.go:132.78,137.77 4 0
github.com/chaosblade-io/chaosblade/cli/exp.go:140.2,140.32 1 0
github.com/chaosblade-io/chaosblade/cli/exp.go:137.77,139.3 1 0
github.com/chaosblade-io/chaosblade/cli/exp.go:140.32,141.30 1 0
github.com/chaosblade-io/chaosblade/cli/exp.go:141.30,143.4 1 0
github.com/chaosblade-io/chaosblade/cli/exp.go:148.91,150.25 2 0
github.com/chaosblade-io/chaosblade/cli/exp.go:153.2,154.46 2 0
github.com/chaosblade-io/chaosblade/cli/exp.go:158.2,159.20 2 0
github.com/chaosblade-io/chaosblade/cli/exp.go:162.2,163.16 2 0
github.com/chaosblade-io/chaosblade/cli/exp.go:166.2,166.20 1 0
github.com/chaosblade-io/chaosblade/cli/exp.go:169.2,170.12 2 0
github.com/chaosblade-io/chaosblade/cli/exp.go:150.25,152.3 1 0
github.com/chaosblade-io/chaosblade/cli/exp.go:154.46,156.3 1 0
github.com/chaosblade-io/chaosblade/cli/exp.go:159.20,161.3 1 0
github.com/chaosblade-io/chaosblade/cli/exp.go:163.16,165.3 1 0
github.com/chaosblade-io/chaosblade/cli/exp.go:166.20,168.3 1 0
github.com/chaosblade-io/chaosblade/cli/exp.go:173.75,178.77 4 0
github.com/chaosblade-io/chaosblade/cli/exp.go:181.2,181.32 1 0
github.com/chaosblade-io/chaosblade/cli/exp.go:178.77,180.3 1 0
github.com/chaosblade-io/chaosblade/cli/exp.go:181.32,182.30 1 0
github.com/chaosblade-io/chaosblade/cli/exp.go:182.30,184.4 1 0
github.com/chaosblade-io/chaosblade/cli/exp.go:187.92,189.25 2 0
github.com/chaosblade-io/chaosblade/cli/exp.go:192.2,193.46 2 0
github.com/chaosblade-io/chaosblade/cli/exp.go:196.2,197.20 2 0
github.com/chaosblade-io/chaosblade/cli/exp.go:200.2,201.16 2 0
github.com/chaosblade-io/chaosblade/cli/exp.go:204.2,206.12 3 0
github.com/chaosblade-io/chaosblade/cli/exp.go:189.25,191.3 1 0
github.com/chaosblade-io/chaosblade/cli/exp.go:193.46,195.3 1 0
github.com/chaosblade-io/chaosblade/cli/exp.go:197.20,199.3 1 0
github.com/chaosblade-io/chaosblade/cli/exp.go:201.16,203.3 1 0
github.com/chaosblade-io/chaosblade/cli/exp.go:210.87,216.55 1 0
github.com/chaosblade-io/chaosblade/cli/exp.go:221.2,234.34 3 0
github.com/chaosblade-io/chaosblade/cli/exp.go:242.2,245.16 3 0
github.com/chaosblade-io/chaosblade/cli/exp.go:216.55,218.4 1 0
github.com/chaosblade-io/chaosblade/cli/exp.go:234.34,240.3 5 0
github.com/chaosblade-io/chaosblade/cli/exp.go:249.120,262.55 2 0
github.com/chaosblade-io/chaosblade/cli/exp.go:286.2,297.16 4 0
github.com/chaosblade-io/chaosblade/cli/exp.go:262.55,264.4 1 0
github.com/chaosblade-io/chaosblade/cli/exp.go:265.59,267.31 2 0
github.com/chaosblade-io/chaosblade/cli/exp.go:281.4,281.14 1 0
github.com/chaosblade-io/chaosblade/cli/exp.go:267.31,269.17 2 0
github.com/chaosblade-io/chaosblade/cli/exp.go:273.5,273.86 1 0
github.com/chaosblade-io/chaosblade/cli/exp.go:269.17,271.6 1 0
github.com/chaosblade-io/chaosblade/cli/exp.go:273.86,279.6 4 0
github.com/chaosblade-io/chaosblade/cli/exp.go:301.149,306.14 3 0
github.com/chaosblade-io/chaosblade/cli/exp.go:314.2,315.16 2 0
github.com/chaosblade-io/chaosblade/cli/exp.go:320.2,328.23 6 0
github.com/chaosblade-io/chaosblade/cli/exp.go:334.2,337.12 4 0
github.com/chaosblade-io/chaosblade/cli/exp.go:306.14,308.17 2 0
github.com/chaosblade-io/chaosblade/cli/exp.go:308.17,310.4 1 0
github.com/chaosblade-io/chaosblade/cli/exp.go:315.16,317.3 1 0
github.com/chaosblade-io/chaosblade/cli/exp.go:328.23,332.3 2 0
github.com/chaosblade-io/chaosblade/cli/exp.go:341.28,342.16 1 0
github.com/chaosblade-io/chaosblade/cli/exp.go:342.16,344.3 1 0
github.com/chaosblade-io/chaosblade/cli/exp.go:348.122,350.33 1 0
github.com/chaosblade-io/chaosblade/cli/exp.go:350.33,353.26 3 0
github.com/chaosblade-io/chaosblade/cli/exp.go:356.3,356.24 1 0
github.com/chaosblade-io/chaosblade/cli/exp.go:369.3,369.26 1 0
github.com/chaosblade-io/chaosblade/cli/exp.go:353.26,355.4 1 0
github.com/chaosblade-io/chaosblade/cli/exp.go:356.24,359.43 3 0
github.com/chaosblade-io/chaosblade/cli/exp.go:359.43,361.5 1 0
github.com/chaosblade-io/chaosblade/cli/exp.go:362.9,365.43 3 0
github.com/chaosblade-io/chaosblade/cli/exp.go:365.43,367.5 1 0
github.com/chaosblade-io/chaosblade/cli/exp.go:369.26,371.4 1 0
github.com/chaosblade-io/chaosblade/cli/exp.go:375.93,382.46 2 0
github.com/chaosblade-io/chaosblade/cli/exp.go:385.2,385.17 1 0
github.com/chaosblade-io/chaosblade/cli/exp.go:382.46,384.3 1 0
github.com/chaosblade-io/chaosblade/cli/exp.go:389.72,392.2 2 0
github.com/chaosblade-io/chaosblade/cli/exp.go:394.54,396.2 1 0
github.com/chaosblade-io/chaosblade/cli/exp.go:399.54,404.32 5 0
github.com/chaosblade-io/chaosblade/cli/exp.go:407.2,408.35 2 0
github.com/chaosblade-io/chaosblade/cli/exp.go:404.32,406.3 1 0
github.com/chaosblade-io/chaosblade/cli/exp.go:408.35,410.3 1 0
github.com/chaosblade-io/chaosblade/cli/prepare.go:25.34,31.55 1 0
github.com/chaosblade-io/chaosblade/cli/prepare.go:31.55,34.4 1 0
github.com/chaosblade-io/chaosblade/cli/prepare.go:39.51,41.2 1 0
github.com/chaosblade-io/chaosblade/cli/prepare.go:44.120,46.16 2 1
github.com/chaosblade-io/chaosblade/cli/prepare.go:49.2,58.20 2 1
github.com/chaosblade-io/chaosblade/cli/prepare.go:61.2,62.16 2 1
github.com/chaosblade-io/chaosblade/cli/prepare.go:65.2,65.20 1 1
github.com/chaosblade-io/chaosblade/cli/prepare.go:46.16,48.3 1 0
github.com/chaosblade-io/chaosblade/cli/prepare.go:58.20,60.3 1 1
github.com/chaosblade-io/chaosblade/cli/prepare.go:62.16,64.3 1 0
github.com/chaosblade-io/chaosblade/cli/prepare.go:68.120,70.23 2 0
github.com/chaosblade-io/chaosblade/cli/prepare.go:74.2,75.16 2 0
github.com/chaosblade-io/chaosblade/cli/prepare.go:78.2,80.12 3 0
github.com/chaosblade-io/chaosblade/cli/prepare.go:70.23,73.3 2 0
github.com/chaosblade-io/chaosblade/cli/prepare.go:75.16,77.3 1 0
github.com/chaosblade-io/chaosblade/cli/query_network.go:17.40,24.55 1 0
github.com/chaosblade-io/chaosblade/cli/query_network.go:24.55,26.4 1 0
github.com/chaosblade-io/chaosblade/cli/query_network.go:31.62,33.2 1 0
github.com/chaosblade-io/chaosblade/cli/query_network.go:35.92,36.13 1 2
github.com/chaosblade-io/chaosblade/cli/query_network.go:52.2,52.12 1 1
github.com/chaosblade-io/chaosblade/cli/query_network.go:37.20,39.17 2 1
github.com/chaosblade-io/chaosblade/cli/query_network.go:42.3,43.32 2 1
github.com/chaosblade-io/chaosblade/cli/query_network.go:48.3,48.50 1 1
github.com/chaosblade-io/chaosblade/cli/query_network.go:49.10,50.54 1 1
github.com/chaosblade-io/chaosblade/cli/query_network.go:39.17,41.4 1 0
github.com/chaosblade-io/chaosblade/cli/query_network.go:43.32,44.48 1 5
github.com/chaosblade-io/chaosblade/cli/query_network.go:44.48,46.5 1 5
github.com/chaosblade-io/chaosblade/exec/os/bin/changedns/changedns.go:15.13,22.36 6 0
github.com/chaosblade-io/chaosblade/exec/os/bin/changedns/changedns.go:25.2,25.20 1 0
github.com/chaosblade-io/chaosblade/exec/os/bin/changedns/changedns.go:22.36,24.3 1 0
github.com/chaosblade-io/chaosblade/exec/os/bin/changedns/changedns.go:25.20,27.3 1 0
github.com/chaosblade-io/chaosblade/exec/os/bin/changedns/changedns.go:27.8,27.26 1 0
github.com/chaosblade-io/chaosblade/exec/os/bin/changedns/changedns.go:27.26,29.3 1 0
github.com/chaosblade-io/chaosblade/exec/os/bin/changedns/changedns.go:29.8,31.3 1 0
github.com/chaosblade-io/chaosblade/exec/os/bin/changedns/changedns.go:40.40,44.22 4 1
github.com/chaosblade-io/chaosblade/exec/os/bin/changedns/changedns.go:48.2,49.23 2 0
github.com/chaosblade-io/chaosblade/exec/os/bin/changedns/changedns.go:53.2,53.50 1 0
github.com/chaosblade-io/chaosblade/exec/os/bin/changedns/changedns.go:44.22,47.3 2 1
github.com/chaosblade-io/chaosblade/exec/os/bin/changedns/changedns.go:49.23,52.3 2 0
github.com/chaosblade-io/chaosblade/exec/os/bin/changedns/changedns.go:57.36,61.23 4 1
github.com/chaosblade-io/chaosblade/exec/os/bin/changedns/changedns.go:65.2,67.23 2 0
github.com/chaosblade-io/chaosblade/exec/os/bin/changedns/changedns.go:71.2,71.57 1 0
github.com/chaosblade-io/chaosblade/exec/os/bin/changedns/changedns.go:61.23,64.3 2 1
github.com/chaosblade-io/chaosblade/exec/os/bin/changedns/changedns.go:67.23,70.3 2 0
github.com/chaosblade-io/chaosblade/exec/os/bin/changedns/changedns.go:74.46,76.2 1 5
github.com/chaosblade-io/chaosblade/exec/os/bin/dropnetwork/dropnetwork.go:16.13,23.33 6 0
github.com/chaosblade-io/chaosblade/exec/os/bin/dropnetwork/dropnetwork.go:26.2,26.18 1 0
github.com/chaosblade-io/chaosblade/exec/os/bin/dropnetwork/dropnetwork.go:23.33,25.3 1 0
github.com/chaosblade-io/chaosblade/exec/os/bin/dropnetwork/dropnetwork.go:26.18,28.3 1 0
github.com/chaosblade-io/chaosblade/exec/os/bin/dropnetwork/dropnetwork.go:28.8,28.24 1 0
github.com/chaosblade-io/chaosblade/exec/os/bin/dropnetwork/dropnetwork.go:28.24,30.3 1 0
github.com/chaosblade-io/chaosblade/exec/os/bin/dropnetwork/dropnetwork.go:30.8,32.3 1 0
github.com/chaosblade-io/chaosblade/exec/os/bin/dropnetwork/dropnetwork.go:39.49,41.41 2 1
github.com/chaosblade-io/chaosblade/exec/os/bin/dropnetwork/dropnetwork.go:45.2,45.60 1 0
github.com/chaosblade-io/chaosblade/exec/os/bin/dropnetwork/dropnetwork.go:41.41,44.3 2 1
github.com/chaosblade-io/chaosblade/exec/os/bin/dropnetwork/dropnetwork.go:48.108,50.21 2 3
github.com/chaosblade-io/chaosblade/exec/os/bin/dropnetwork/dropnetwork.go:66.2,66.22 1 2
github.com/chaosblade-io/chaosblade/exec/os/bin/dropnetwork/dropnetwork.go:82.2,82.50 1 1
github.com/chaosblade-io/chaosblade/exec/os/bin/dropnetwork/dropnetwork.go:50.21,53.24 2 2
github.com/chaosblade-io/chaosblade/exec/os/bin/dropnetwork/dropnetwork.go:58.3,60.24 2 1
github.com/chaosblade-io/chaosblade/exec/os/bin/dropnetwork/dropnetwork.go:53.24,57.4 3 1
github.com/chaosblade-io/chaosblade/exec/os/bin/dropnetwork/dropnetwork.go:60.24,64.4 3 0
github.com/chaosblade-io/chaosblade/exec/os/bin/dropnetwork/dropnetwork.go:66.22,69.24 2 1
github.com/chaosblade-io/chaosblade/exec/os/bin/dropnetwork/dropnetwork.go:74.3,76.24 2 0
github.com/chaosblade-io/chaosblade/exec/os/bin/dropnetwork/dropnetwork.go:69.24,73.4 3 1
github.com/chaosblade-io/chaosblade/exec/os/bin/dropnetwork/dropnetwork.go:76.24,80.4 3 0
github.com/chaosblade-io/chaosblade/exec/os/bin/dropnetwork/dropnetwork.go:85.48,87.21 2 0
github.com/chaosblade-io/chaosblade/exec/os/bin/dropnetwork/dropnetwork.go:91.2,91.22 1 0
github.com/chaosblade-io/chaosblade/exec/os/bin/dropnetwork/dropnetwork.go:87.21,90.3 2 0
github.com/chaosblade-io/chaosblade/exec/os/bin/dropnetwork/dropnetwork.go:91.22,94.3 2 0
github.com/chaosblade-io/chaosblade/exec/os/bin/delaynetwork/delaynetwork.go:16.13,27.29 10 0
github.com/chaosblade-io/chaosblade/exec/os/bin/delaynetwork/delaynetwork.go:31.2,31.19 1 0
github.com/chaosblade-io/chaosblade/exec/os/bin/delaynetwork/delaynetwork.go:27.29,29.3 1 0
github.com/chaosblade-io/chaosblade/exec/os/bin/delaynetwork/delaynetwork.go:31.19,33.3 1 0
github.com/chaosblade-io/chaosblade/exec/os/bin/delaynetwork/delaynetwork.go:33.8,33.25 1 0
github.com/chaosblade-io/chaosblade/exec/os/bin/delaynetwork/delaynetwork.go:33.25,35.3 1 0
github.com/chaosblade-io/chaosblade/exec/os/bin/delaynetwork/delaynetwork.go:35.8,37.3 1 0
github.com/chaosblade-io/chaosblade/exec/os/bin/delaynetwork/delaynetwork.go:41.91,44.62 2 1
github.com/chaosblade-io/chaosblade/exec/os/bin/delaynetwork/delaynetwork.go:52.2,53.62 2 0
github.com/chaosblade-io/chaosblade/exec/os/bin/delaynetwork/delaynetwork.go:58.2,59.50 2 0
github.com/chaosblade-io/chaosblade/exec/os/bin/delaynetwork/delaynetwork.go:44.62,46.24 2 1
github.com/chaosblade-io/chaosblade/exec/os/bin/delaynetwork/delaynetwork.go:49.3,50.9 2 1
github.com/chaosblade-io/chaosblade/exec/os/bin/delaynetwork/delaynetwork.go:46.24,48.4 1 0
github.com/chaosblade-io/chaosblade/exec/os/bin/delaynetwork/delaynetwork.go:53.62,57.3 3 0
github.com/chaosblade-io/chaosblade/exec/os/bin/delaynetwork/delaynetwork.go:64.186,66.21 1 3
github.com/chaosblade-io/chaosblade/exec/os/bin/delaynetwork/delaynetwork.go:75.2,75.22 1 3
github.com/chaosblade-io/chaosblade/exec/os/bin/delaynetwork/delaynetwork.go:83.2,83.17 1 3
github.com/chaosblade-io/chaosblade/exec/os/bin/delaynetwork/delaynetwork.go:66.21,69.24 2 2
github.com/chaosblade-io/chaosblade/exec/os/bin/delaynetwork/delaynetwork.go:69.24,72.4 2 1
github.com/chaosblade-io/chaosblade/exec/os/bin/delaynetwork/delaynetwork.go:75.22,78.24 2 1
github.com/chaosblade-io/chaosblade/exec/os/bin/delaynetwork/delaynetwork.go:78.24,81.4 2 0
github.com/chaosblade-io/chaosblade/exec/os/bin/delaynetwork/delaynetwork.go:87.169,92.23 2 1
github.com/chaosblade-io/chaosblade/exec/os/bin/delaynetwork/delaynetwork.go:97.2,101.23 2 0
github.com/chaosblade-io/chaosblade/exec/os/bin/delaynetwork/delaynetwork.go:106.2,106.17 1 0
github.com/chaosblade-io/chaosblade/exec/os/bin/delaynetwork/delaynetwork.go:92.23,96.3 3 1
github.com/chaosblade-io/chaosblade/exec/os/bin/delaynetwork/delaynetwork.go:101.23,105.3 3 0
github.com/chaosblade-io/chaosblade/exec/os/bin/delaynetwork/delaynetwork.go:110.135,113.23 2 1
github.com/chaosblade-io/chaosblade/exec/os/bin/delaynetwork/delaynetwork.go:117.2,119.23 2 0
github.com/chaosblade-io/chaosblade/exec/os/bin/delaynetwork/delaynetwork.go:124.2,124.17 1 0
github.com/chaosblade-io/chaosblade/exec/os/bin/delaynetwork/delaynetwork.go:113.23,116.3 2 1
github.com/chaosblade-io/chaosblade/exec/os/bin/delaynetwork/delaynetwork.go:119.23,123.3 3 0
github.com/chaosblade-io/chaosblade/exec/os/bin/delaynetwork/delaynetwork.go:128.40,132.2 3 0
github.com/chaosblade-io/chaosblade/exec/os/bin/filldisk/filldisk.go:19.13,27.35 6 0
github.com/chaosblade-io/chaosblade/exec/os/bin/filldisk/filldisk.go:30.2,30.19 1 0
github.com/chaosblade-io/chaosblade/exec/os/bin/filldisk/filldisk.go:27.35,29.3 1 0
github.com/chaosblade-io/chaosblade/exec/os/bin/filldisk/filldisk.go:30.19,32.3 1 0
github.com/chaosblade-io/chaosblade/exec/os/bin/filldisk/filldisk.go:32.8,32.25 1 0
github.com/chaosblade-io/chaosblade/exec/os/bin/filldisk/filldisk.go:32.25,34.3 1 0
github.com/chaosblade-io/chaosblade/exec/os/bin/filldisk/filldisk.go:34.8,36.3 1 0
github.com/chaosblade-io/chaosblade/exec/os/bin/filldisk/filldisk.go:41.41,43.22 2 1
github.com/chaosblade-io/chaosblade/exec/os/bin/filldisk/filldisk.go:46.2,48.23 3 1
github.com/chaosblade-io/chaosblade/exec/os/bin/filldisk/filldisk.go:52.2,54.23 2 1
github.com/chaosblade-io/chaosblade/exec/os/bin/filldisk/filldisk.go:58.2,58.50 1 1
github.com/chaosblade-io/chaosblade/exec/os/bin/filldisk/filldisk.go:43.22,45.3 1 0
github.com/chaosblade-io/chaosblade/exec/os/bin/filldisk/filldisk.go:48.23,51.3 2 0
github.com/chaosblade-io/chaosblade/exec/os/bin/filldisk/filldisk.go:54.23,57.3 2 0
github.com/chaosblade-io/chaosblade/exec/os/bin/filldisk/filldisk.go:61.34,65.35 3 1
github.com/chaosblade-io/chaosblade/exec/os/bin/filldisk/filldisk.go:68.2,69.28 2 1
github.com/chaosblade-io/chaosblade/exec/os/bin/filldisk/filldisk.go:65.35,67.3 1 1
github.com/chaosblade-io/chaosblade/exec/os/bin/filldisk/filldisk.go:69.28,71.24 2 1
github.com/chaosblade-io/chaosblade/exec/os/bin/filldisk/filldisk.go:71.24,73.4 1 0
github.com/chaosblade-io/chaosblade/exec/os/bin/killprocess/killprocess.go:16.13,23.2 4 0
github.com/chaosblade-io/chaosblade/exec/os/bin/killprocess/killprocess.go:25.46,29.19 4 1
github.com/chaosblade-io/chaosblade/exec/os/bin/killprocess/killprocess.go:43.2,43.35 1 1
github.com/chaosblade-io/chaosblade/exec/os/bin/killprocess/killprocess.go:47.2,48.23 2 0
github.com/chaosblade-io/chaosblade/exec/os/bin/killprocess/killprocess.go:52.2,52.50 1 0
github.com/chaosblade-io/chaosblade/exec/os/bin/killprocess/killprocess.go:29.19,31.17 2 0
github.com/chaosblade-io/chaosblade/exec/os/bin/killprocess/killprocess.go:34.3,34.24 1 0
github.com/chaosblade-io/chaosblade/exec/os/bin/killprocess/killprocess.go:31.17,33.4 1 0
github.com/chaosblade-io/chaosblade/exec/os/bin/killprocess/killprocess.go:35.8,35.29 1 1
github.com/chaosblade-io/chaosblade/exec/os/bin/killprocess/killprocess.go:35.29,37.17 2 0
github.com/chaosblade-io/chaosblade/exec/os/bin/killprocess/killprocess.go:40.3,40.27 1 0
github.com/chaosblade-io/chaosblade/exec/os/bin/killprocess/killprocess.go:37.17,39.4 1 0
github.com/chaosblade-io/chaosblade/exec/os/bin/killprocess/killprocess.go:43.35,46.3 2 1
github.com/chaosblade-io/chaosblade/exec/os/bin/killprocess/killprocess.go:48.23,51.3 2 0
github.com/chaosblade-io/chaosblade/exec/os/bin/lossnetwork/lossnetwork.go:16.13,26.33 9 0
github.com/chaosblade-io/chaosblade/exec/os/bin/lossnetwork/lossnetwork.go:29.2,29.18 1 0
github.com/chaosblade-io/chaosblade/exec/os/bin/lossnetwork/lossnetwork.go:26.33,28.3 1 0
github.com/chaosblade-io/chaosblade/exec/os/bin/lossnetwork/lossnetwork.go:29.18,31.3 1 0
github.com/chaosblade-io/chaosblade/exec/os/bin/lossnetwork/lossnetwork.go:31.8,31.24 1 0
github.com/chaosblade-io/chaosblade/exec/os/bin/lossnetwork/lossnetwork.go:31.24,33.3 1 0
github.com/chaosblade-io/chaosblade/exec/os/bin/lossnetwork/lossnetwork.go:33.8,35.3 1 0
github.com/chaosblade-io/chaosblade/exec/os/bin/lossnetwork/lossnetwork.go:42.85,47.62 3 1
github.com/chaosblade-io/chaosblade/exec/os/bin/lossnetwork/lossnetwork.go:55.2,56.62 2 0
github.com/chaosblade-io/chaosblade/exec/os/bin/lossnetwork/lossnetwork.go:61.2,62.50 2 0
github.com/chaosblade-io/chaosblade/exec/os/bin/lossnetwork/lossnetwork.go:47.62,49.24 2 1
github.com/chaosblade-io/chaosblade/exec/os/bin/lossnetwork/lossnetwork.go:52.3,53.9 2 1
github.com/chaosblade-io/chaosblade/exec/os/bin/lossnetwork/lossnetwork.go:49.24,51.4 1 0
github.com/chaosblade-io/chaosblade/exec/os/bin/lossnetwork/lossnetwork.go:56.62,60.3 3 0
github.com/chaosblade-io/chaosblade/exec/os/bin/lossnetwork/lossnetwork.go:66.191,67.21 1 3
github.com/chaosblade-io/chaosblade/exec/os/bin/lossnetwork/lossnetwork.go:75.2,75.22 1 3
github.com/chaosblade-io/chaosblade/exec/os/bin/lossnetwork/lossnetwork.go:83.2,83.17 1 3
github.com/chaosblade-io/chaosblade/exec/os/bin/lossnetwork/lossnetwork.go:67.21,70.24 2 2
github.com/chaosblade-io/chaosblade/exec/os/bin/lossnetwork/lossnetwork.go:70.24,73.4 2 1
github.com/chaosblade-io/chaosblade/exec/os/bin/lossnetwork/lossnetwork.go:75.22,78.24 2 1
github.com/chaosblade-io/chaosblade/exec/os/bin/lossnetwork/lossnetwork.go:78.24,81.4 2 0
github.com/chaosblade-io/chaosblade/exec/os/bin/lossnetwork/lossnetwork.go:87.168,92.23 2 1
github.com/chaosblade-io/chaosblade/exec/os/bin/lossnetwork/lossnetwork.go:97.2,101.23 2 0
github.com/chaosblade-io/chaosblade/exec/os/bin/lossnetwork/lossnetwork.go:106.2,106.17 1 0
github.com/chaosblade-io/chaosblade/exec/os/bin/lossnetwork/lossnetwork.go:92.23,96.3 3 1
github.com/chaosblade-io/chaosblade/exec/os/bin/lossnetwork/lossnetwork.go:101.23,105.3 3 0
github.com/chaosblade-io/chaosblade/exec/os/bin/lossnetwork/lossnetwork.go:110.122,113.23 2 1
github.com/chaosblade-io/chaosblade/exec/os/bin/lossnetwork/lossnetwork.go:119.2,120.23 2 0
github.com/chaosblade-io/chaosblade/exec/os/bin/lossnetwork/lossnetwork.go:126.2,126.17 1 0
github.com/chaosblade-io/chaosblade/exec/os/bin/lossnetwork/lossnetwork.go:113.23,118.3 3 1
github.com/chaosblade-io/chaosblade/exec/os/bin/lossnetwork/lossnetwork.go:120.23,125.3 3 0
github.com/chaosblade-io/chaosblade/exec/os/bin/lossnetwork/lossnetwork.go:129.39,133.2 3 0
github.com/chaosblade-io/chaosblade/util/util.go:24.30,25.19 1 0
github.com/chaosblade-io/chaosblade/util/util.go:28.2,29.16 2 0
github.com/chaosblade-io/chaosblade/util/util.go:32.2,33.12 2 0
github.com/chaosblade-io/chaosblade/util/util.go:25.19,27.3 1 0
github.com/chaosblade-io/chaosblade/util/util.go:29.16,31.3 1 0
github.com/chaosblade-io/chaosblade/util/util.go:37.26,38.19 1 0
github.com/chaosblade-io/chaosblade/util/util.go:41.2,42.16 2 0
github.com/chaosblade-io/chaosblade/util/util.go:38.19,40.3 1 0
github.com/chaosblade-io/chaosblade/util/util.go:46.26,47.19 1 0
github.com/chaosblade-io/chaosblade/util/util.go:50.2,51.16 2 0
github.com/chaosblade-io/chaosblade/util/util.go:47.19,49.3 1 0
github.com/chaosblade-io/chaosblade/util/util.go:55.36,59.16 4 0
github.com/chaosblade-io/chaosblade/util/util.go:62.2,62.35 1 0
github.com/chaosblade-io/chaosblade/util/util.go:59.16,61.3 1 0
github.com/chaosblade-io/chaosblade/util/util.go:65.32,67.29 2 0
github.com/chaosblade-io/chaosblade/util/util.go:70.2,70.14 1 0
github.com/chaosblade-io/chaosblade/util/util.go:67.29,69.3 1 0
github.com/chaosblade-io/chaosblade/util/util.go:74.36,77.2 2 3
github.com/chaosblade-io/chaosblade/util/util.go:80.27,82.16 2 0
github.com/chaosblade-io/chaosblade/util/util.go:85.2,85.16 1 0
github.com/chaosblade-io/chaosblade/util/util.go:82.16,84.3 1 0
github.com/chaosblade-io/chaosblade/util/util.go:89.44,91.82 1 0
github.com/chaosblade-io/chaosblade/util/util.go:95.2,99.16 3 0
github.com/chaosblade-io/chaosblade/util/util.go:102.2,104.16 3 0
github.com/chaosblade-io/chaosblade/util/util.go:107.2,107.44 1 0
github.com/chaosblade-io/chaosblade/util/util.go:91.82,93.4 1 0
github.com/chaosblade-io/chaosblade/util/util.go:99.16,101.3 1 0
github.com/chaosblade-io/chaosblade/util/util.go:104.16,106.3 1 0
